2023-03-07 08:32:27,143 ERROR strengthDetailsAnalyzer.aop.LoggerExceptionAspect [JavaFX Application Thread] Входные параметры метода service.write(detailTextData, detailNumericalData, specifiedData): [10, 10, 10, false]    [10, ]    [100, 10, 10, 10, 10, 10, 10, 1000, 1000, 10, 10, 10, сталь, 09Г2С, C, РЭ (УОНИ 13/45), однопроходная автоматическая, 1, растяжение, сжатие и срез, повышенный (УЗД, рентгенография, магнитография), без термообработки, нормализация, толщина не определяется]    org.json.JSONObject.get(JSONObject.java:587)
	strengthDetailsAnalyzer.service.WeldService.getK2(WeldService.java:101)
	strengthDetailsAnalyzer.service.WeldService.build(WeldService.java:87)
	strengthDetailsAnalyzer.service.WeldService.writeSpecifiedDetail(WeldService.java:41)
	strengthDetailsAnalyzer.service.DetailService.write(DetailService.java:38)
	strengthDetailsAnalyzer.service.DetailService$$FastClassBySpringCGLIB$$8c932164.invoke(<generated>)
	org.springframework.cglib.proxy.MethodProxy.invoke(MethodProxy.java:218)
	org.springframework.aop.framework.CglibAopProxy$CglibMethodInvocation.invokeJoinpoint(CglibAopProxy.java:769)
	org.springframework.aop.framework.ReflectiveMethodInvocation.proceed(ReflectiveMethodInvocation.java:163)
	org.springframework.aop.framework.CglibAopProxy$CglibMethodInvocation.proceed(CglibAopProxy.java:747)
	org.springframework.aop.aspectj.AspectJAfterThrowingAdvice.invoke(AspectJAfterThrowingAdvice.java:62)
	org.springframework.aop.framework.ReflectiveMethodInvocation.proceed(ReflectiveMethodInvocation.java:186)
	org.springframework.aop.framework.CglibAopProxy$CglibMethodInvocation.proceed(CglibAopProxy.java:747)
	org.springframework.aop.interceptor.ExposeInvocationInterceptor.invoke(ExposeInvocationInterceptor.java:93)
	org.springframework.aop.framework.ReflectiveMethodInvocation.proceed(ReflectiveMethodInvocation.java:186)
	org.springframework.aop.framework.CglibAopProxy$CglibMethodInvocation.proceed(CglibAopProxy.java:747)
	org.springframework.aop.framework.CglibAopProxy$DynamicAdvisedInterceptor.intercept(CglibAopProxy.java:689)
	strengthDetailsAnalyzer.service.WeldService$$EnhancerBySpringCGLIB$$49c4e6a2.write(<generated>)
	strengthDetailsAnalyzer.controller.WeldController.printDoc(WeldController.java:158)
	java.base/jdk.internal.reflect.NativeMethodAccessorImpl.invoke0(Native Method)
	java.base/jdk.internal.reflect.NativeMethodAccessorImpl.invoke(NativeMethodAccessorImpl.java:62)
	java.base/jdk.internal.reflect.DelegatingMethodAccessorImpl.invoke(DelegatingMethodAccessorImpl.java:43)
	java.base/java.lang.reflect.Method.invoke(Method.java:566)
	com.sun.javafx.reflect.Trampoline.invoke(MethodUtil.java:77)
	jdk.internal.reflect.GeneratedMethodAccessor28.invoke(Unknown Source)
	java.base/jdk.internal.reflect.DelegatingMethodAccessorImpl.invoke(DelegatingMethodAccessorImpl.java:43)
	java.base/java.lang.reflect.Method.invoke(Method.java:566)
	com.sun.javafx.reflect.MethodUtil.invoke(MethodUtil.java:275)
	com.sun.javafx.fxml.MethodHelper.invoke(MethodHelper.java:84)
	javafx.fxml.FXMLLoader$MethodHandler.invoke(FXMLLoader.java:1852)
	javafx.fxml.FXMLLoader$ControllerMethodEventHandler.handle(FXMLLoader.java:1724)
	com.sun.javafx.event.CompositeEventHandler.dispatchBubblingEvent(CompositeEventHandler.java:86)
	com.sun.javafx.event.EventHandlerManager.dispatchBubblingEvent(EventHandlerManager.java:234)
	com.sun.javafx.event.EventHandlerManager.dispatchBubblingEvent(EventHandlerManager.java:191)
	com.sun.javafx.event.CompositeEventDispatcher.dispatchBubblingEvent(CompositeEventDispatcher.java:59)
	com.sun.javafx.event.BasicEventDispatcher.dispatchEvent(BasicEventDispatcher.java:58)
	com.sun.javafx.event.EventDispatchChainImpl.dispatchEvent(EventDispatchChainImpl.java:114)
	com.sun.javafx.event.BasicEventDispatcher.dispatchEvent(BasicEventDispatcher.java:56)
	com.sun.javafx.event.EventDispatchChainImpl.dispatchEvent(EventDispatchChainImpl.java:114)
	com.sun.javafx.event.BasicEventDispatcher.dispatchEvent(BasicEventDispatcher.java:56)
	com.sun.javafx.event.EventDispatchChainImpl.dispatchEvent(EventDispatchChainImpl.java:114)
	com.sun.javafx.event.EventUtil.fireEventImpl(EventUtil.java:74)
	com.sun.javafx.event.EventUtil.fireEvent(EventUtil.java:49)
	javafx.event.Event.fireEvent(Event.java:198)
	javafx.scene.Node.fireEvent(Node.java:8792)
	javafx.scene.control.Button.fire(Button.java:203)
	com.sun.javafx.scene.control.behavior.ButtonBehavior.mouseReleased(ButtonBehavior.java:208)
	com.sun.javafx.scene.control.inputmap.InputMap.handle(InputMap.java:274)
	com.sun.javafx.event.CompositeEventHandler$NormalEventHandlerRecord.handleBubblingEvent(CompositeEventHandler.java:247)
	com.sun.javafx.event.CompositeEventHandler.dispatchBubblingEvent(CompositeEventHandler.java:80)
	com.sun.javafx.event.EventHandlerManager.dispatchBubblingEvent(EventHandlerManager.java:234)
	com.sun.javafx.event.EventHandlerManager.dispatchBubblingEvent(EventHandlerManager.java:191)
	com.sun.javafx.event.CompositeEventDispatcher.dispatchBubblingEvent(CompositeEventDispatcher.java:59)
	com.sun.javafx.event.BasicEventDispatcher.dispatchEvent(BasicEventDispatcher.java:58)
	com.sun.javafx.event.EventDispatchChainImpl.dispatchEvent(EventDispatchChainImpl.java:114)
	com.sun.javafx.event.BasicEventDispatcher.dispatchEvent(BasicEventDispatcher.java:56)
	com.sun.javafx.event.EventDispatchChainImpl.dispatchEvent(EventDispatchChainImpl.java:114)
	com.sun.javafx.event.BasicEventDispatcher.dispatchEvent(BasicEventDispatcher.java:56)
	com.sun.javafx.event.EventDispatchChainImpl.dispatchEvent(EventDispatchChainImpl.java:114)
	com.sun.javafx.event.EventUtil.fireEventImpl(EventUtil.java:74)
	com.sun.javafx.event.EventUtil.fireEvent(EventUtil.java:54)
	javafx.event.Event.fireEvent(Event.java:198)
	javafx.scene.Scene$MouseHandler.process(Scene.java:3897)
	javafx.scene.Scene.processMouseEvent(Scene.java:1878)
	javafx.scene.Scene$ScenePeerListener.mouseEvent(Scene.java:2623)
	com.sun.javafx.tk.quantum.GlassViewEventHandler$MouseEventNotification.run(GlassViewEventHandler.java:411)
	com.sun.javafx.tk.quantum.GlassViewEventHandler$MouseEventNotification.run(GlassViewEventHandler.java:301)
	java.base/java.security.AccessController.doPrivileged(Native Method)
	com.sun.javafx.tk.quantum.GlassViewEventHandler.lambda$handleMouseEvent$2(GlassViewEventHandler.java:450)
	com.sun.javafx.tk.quantum.QuantumToolkit.runWithoutRenderLock(QuantumToolkit.java:424)
	com.sun.javafx.tk.quantum.GlassViewEventHandler.handleMouseEvent(GlassViewEventHandler.java:449)
	com.sun.glass.ui.View.handleMouseEvent(View.java:557)
	com.sun.glass.ui.View.notifyMouse(View.java:943)
	com.sun.glass.ui.win.WinApplication._runLoop(Native Method)
	com.sun.glass.ui.win.WinApplication.lambda$runLoop$3(WinApplication.java:184)
	java.base/java.lang.Thread.run(Thread.java:834)
	
2023-03-07 08:46:36,288 ERROR strengthDetailsAnalyzer.aop.LoggerExceptionAspect [JavaFX Application Thread] Входные параметры метода service.write(detailTextData, detailNumericalData, specifiedData): [aaaaaa, 0000, bbbbb, false]    [390, ]    [100, 10, 10, 10, 10, 10, 10, 1000, 1000, 10, 10, 14, сталь, 09Г2С, C, РЭ (УОНИ 13/45), однопроходная автоматическая, 1, растяжение, сжатие и срез, повышенный (УЗД, рентгенография, магнитография), без термообработки, нормализация, толщина не определяется]    org.json.JSONObject.get(JSONObject.java:587)
	strengthDetailsAnalyzer.service.WeldService.getK2(WeldService.java:101)
	strengthDetailsAnalyzer.service.WeldService.build(WeldService.java:87)
	strengthDetailsAnalyzer.service.WeldService.writeSpecifiedDetail(WeldService.java:41)
	strengthDetailsAnalyzer.service.DetailService.write(DetailService.java:38)
	strengthDetailsAnalyzer.service.DetailService$$FastClassBySpringCGLIB$$8c932164.invoke(<generated>)
	org.springframework.cglib.proxy.MethodProxy.invoke(MethodProxy.java:218)
	org.springframework.aop.framework.CglibAopProxy$CglibMethodInvocation.invokeJoinpoint(CglibAopProxy.java:769)
	org.springframework.aop.framework.ReflectiveMethodInvocation.proceed(ReflectiveMethodInvocation.java:163)
	org.springframework.aop.framework.CglibAopProxy$CglibMethodInvocation.proceed(CglibAopProxy.java:747)
	org.springframework.aop.aspectj.AspectJAfterThrowingAdvice.invoke(AspectJAfterThrowingAdvice.java:62)
	org.springframework.aop.framework.ReflectiveMethodInvocation.proceed(ReflectiveMethodInvocation.java:186)
	org.springframework.aop.framework.CglibAopProxy$CglibMethodInvocation.proceed(CglibAopProxy.java:747)
	org.springframework.aop.interceptor.ExposeInvocationInterceptor.invoke(ExposeInvocationInterceptor.java:93)
	org.springframework.aop.framework.ReflectiveMethodInvocation.proceed(ReflectiveMethodInvocation.java:186)
	org.springframework.aop.framework.CglibAopProxy$CglibMethodInvocation.proceed(CglibAopProxy.java:747)
	org.springframework.aop.framework.CglibAopProxy$DynamicAdvisedInterceptor.intercept(CglibAopProxy.java:689)
	strengthDetailsAnalyzer.service.WeldService$$EnhancerBySpringCGLIB$$f8343f02.write(<generated>)
	strengthDetailsAnalyzer.controller.WeldController.printDoc(WeldController.java:158)
	java.base/jdk.internal.reflect.NativeMethodAccessorImpl.invoke0(Native Method)
	java.base/jdk.internal.reflect.NativeMethodAccessorImpl.invoke(NativeMethodAccessorImpl.java:62)
	java.base/jdk.internal.reflect.DelegatingMethodAccessorImpl.invoke(DelegatingMethodAccessorImpl.java:43)
	java.base/java.lang.reflect.Method.invoke(Method.java:566)
	com.sun.javafx.reflect.Trampoline.invoke(MethodUtil.java:77)
	jdk.internal.reflect.GeneratedMethodAccessor28.invoke(Unknown Source)
	java.base/jdk.internal.reflect.DelegatingMethodAccessorImpl.invoke(DelegatingMethodAccessorImpl.java:43)
	java.base/java.lang.reflect.Method.invoke(Method.java:566)
	com.sun.javafx.reflect.MethodUtil.invoke(MethodUtil.java:275)
	com.sun.javafx.fxml.MethodHelper.invoke(MethodHelper.java:84)
	javafx.fxml.FXMLLoader$MethodHandler.invoke(FXMLLoader.java:1852)
	javafx.fxml.FXMLLoader$ControllerMethodEventHandler.handle(FXMLLoader.java:1724)
	com.sun.javafx.event.CompositeEventHandler.dispatchBubblingEvent(CompositeEventHandler.java:86)
	com.sun.javafx.event.EventHandlerManager.dispatchBubblingEvent(EventHandlerManager.java:234)
	com.sun.javafx.event.EventHandlerManager.dispatchBubblingEvent(EventHandlerManager.java:191)
	com.sun.javafx.event.CompositeEventDispatcher.dispatchBubblingEvent(CompositeEventDispatcher.java:59)
	com.sun.javafx.event.BasicEventDispatcher.dispatchEvent(BasicEventDispatcher.java:58)
	com.sun.javafx.event.EventDispatchChainImpl.dispatchEvent(EventDispatchChainImpl.java:114)
	com.sun.javafx.event.BasicEventDispatcher.dispatchEvent(BasicEventDispatcher.java:56)
	com.sun.javafx.event.EventDispatchChainImpl.dispatchEvent(EventDispatchChainImpl.java:114)
	com.sun.javafx.event.BasicEventDispatcher.dispatchEvent(BasicEventDispatcher.java:56)
	com.sun.javafx.event.EventDispatchChainImpl.dispatchEvent(EventDispatchChainImpl.java:114)
	com.sun.javafx.event.EventUtil.fireEventImpl(EventUtil.java:74)
	com.sun.javafx.event.EventUtil.fireEvent(EventUtil.java:49)
	javafx.event.Event.fireEvent(Event.java:198)
	javafx.scene.Node.fireEvent(Node.java:8792)
	javafx.scene.control.Button.fire(Button.java:203)
	com.sun.javafx.scene.control.behavior.ButtonBehavior.mouseReleased(ButtonBehavior.java:208)
	com.sun.javafx.scene.control.inputmap.InputMap.handle(InputMap.java:274)
	com.sun.javafx.event.CompositeEventHandler$NormalEventHandlerRecord.handleBubblingEvent(CompositeEventHandler.java:247)
	com.sun.javafx.event.CompositeEventHandler.dispatchBubblingEvent(CompositeEventHandler.java:80)
	com.sun.javafx.event.EventHandlerManager.dispatchBubblingEvent(EventHandlerManager.java:234)
	com.sun.javafx.event.EventHandlerManager.dispatchBubblingEvent(EventHandlerManager.java:191)
	com.sun.javafx.event.CompositeEventDispatcher.dispatchBubblingEvent(CompositeEventDispatcher.java:59)
	com.sun.javafx.event.BasicEventDispatcher.dispatchEvent(BasicEventDispatcher.java:58)
	com.sun.javafx.event.EventDispatchChainImpl.dispatchEvent(EventDispatchChainImpl.java:114)
	com.sun.javafx.event.BasicEventDispatcher.dispatchEvent(BasicEventDispatcher.java:56)
	com.sun.javafx.event.EventDispatchChainImpl.dispatchEvent(EventDispatchChainImpl.java:114)
	com.sun.javafx.event.BasicEventDispatcher.dispatchEvent(BasicEventDispatcher.java:56)
	com.sun.javafx.event.EventDispatchChainImpl.dispatchEvent(EventDispatchChainImpl.java:114)
	com.sun.javafx.event.EventUtil.fireEventImpl(EventUtil.java:74)
	com.sun.javafx.event.EventUtil.fireEvent(EventUtil.java:54)
	javafx.event.Event.fireEvent(Event.java:198)
	javafx.scene.Scene$MouseHandler.process(Scene.java:3897)
	javafx.scene.Scene.processMouseEvent(Scene.java:1878)
	javafx.scene.Scene$ScenePeerListener.mouseEvent(Scene.java:2623)
	com.sun.javafx.tk.quantum.GlassViewEventHandler$MouseEventNotification.run(GlassViewEventHandler.java:411)
	com.sun.javafx.tk.quantum.GlassViewEventHandler$MouseEventNotification.run(GlassViewEventHandler.java:301)
	java.base/java.security.AccessController.doPrivileged(Native Method)
	com.sun.javafx.tk.quantum.GlassViewEventHandler.lambda$handleMouseEvent$2(GlassViewEventHandler.java:450)
	com.sun.javafx.tk.quantum.QuantumToolkit.runWithoutRenderLock(QuantumToolkit.java:424)
	com.sun.javafx.tk.quantum.GlassViewEventHandler.handleMouseEvent(GlassViewEventHandler.java:449)
	com.sun.glass.ui.View.handleMouseEvent(View.java:557)
	com.sun.glass.ui.View.notifyMouse(View.java:943)
	com.sun.glass.ui.win.WinApplication._runLoop(Native Method)
	com.sun.glass.ui.win.WinApplication.lambda$runLoop$3(WinApplication.java:184)
	java.base/java.lang.Thread.run(Thread.java:834)
	
2023-03-07 08:47:49,466 ERROR strengthDetailsAnalyzer.aop.LoggerExceptionAspect [JavaFX Application Thread] Входные параметры метода service.write(detailTextData, detailNumericalData, specifiedData): [12, 12, 12, false]    [12, ]    [12, 12, 12, 12, 12, 12, 12, 12, 12, 12, 12, 12, сталь, 09Г2С, C, РЭ (УОНИ 13/45), однопроходная автоматическая, 1, растяжение, сжатие и срез, повышенный (УЗД, рентгенография, магнитография), без термообработки, нормализация, толщина не определяется]    org.json.JSONObject.get(JSONObject.java:587)
	strengthDetailsAnalyzer.service.WeldService.getK2(WeldService.java:101)
	strengthDetailsAnalyzer.service.WeldService.build(WeldService.java:87)
	strengthDetailsAnalyzer.service.WeldService.writeSpecifiedDetail(WeldService.java:41)
	strengthDetailsAnalyzer.service.DetailService.write(DetailService.java:38)
	strengthDetailsAnalyzer.service.DetailService$$FastClassBySpringCGLIB$$8c932164.invoke(<generated>)
	org.springframework.cglib.proxy.MethodProxy.invoke(MethodProxy.java:218)
	org.springframework.aop.framework.CglibAopProxy$CglibMethodInvocation.invokeJoinpoint(CglibAopProxy.java:769)
	org.springframework.aop.framework.ReflectiveMethodInvocation.proceed(ReflectiveMethodInvocation.java:163)
	org.springframework.aop.framework.CglibAopProxy$CglibMethodInvocation.proceed(CglibAopProxy.java:747)
	org.springframework.aop.aspectj.AspectJAfterThrowingAdvice.invoke(AspectJAfterThrowingAdvice.java:62)
	org.springframework.aop.framework.ReflectiveMethodInvocation.proceed(ReflectiveMethodInvocation.java:186)
	org.springframework.aop.framework.CglibAopProxy$CglibMethodInvocation.proceed(CglibAopProxy.java:747)
	org.springframework.aop.interceptor.ExposeInvocationInterceptor.invoke(ExposeInvocationInterceptor.java:93)
	org.springframework.aop.framework.ReflectiveMethodInvocation.proceed(ReflectiveMethodInvocation.java:186)
	org.springframework.aop.framework.CglibAopProxy$CglibMethodInvocation.proceed(CglibAopProxy.java:747)
	org.springframework.aop.framework.CglibAopProxy$DynamicAdvisedInterceptor.intercept(CglibAopProxy.java:689)
	strengthDetailsAnalyzer.service.WeldService$$EnhancerBySpringCGLIB$$3a6ae3dc.write(<generated>)
	strengthDetailsAnalyzer.controller.WeldController.printDoc(WeldController.java:158)
	java.base/jdk.internal.reflect.NativeMethodAccessorImpl.invoke0(Native Method)
	java.base/jdk.internal.reflect.NativeMethodAccessorImpl.invoke(NativeMethodAccessorImpl.java:62)
	java.base/jdk.internal.reflect.DelegatingMethodAccessorImpl.invoke(DelegatingMethodAccessorImpl.java:43)
	java.base/java.lang.reflect.Method.invoke(Method.java:566)
	com.sun.javafx.reflect.Trampoline.invoke(MethodUtil.java:77)
	jdk.internal.reflect.GeneratedMethodAccessor28.invoke(Unknown Source)
	java.base/jdk.internal.reflect.DelegatingMethodAccessorImpl.invoke(DelegatingMethodAccessorImpl.java:43)
	java.base/java.lang.reflect.Method.invoke(Method.java:566)
	com.sun.javafx.reflect.MethodUtil.invoke(MethodUtil.java:275)
	com.sun.javafx.fxml.MethodHelper.invoke(MethodHelper.java:84)
	javafx.fxml.FXMLLoader$MethodHandler.invoke(FXMLLoader.java:1852)
	javafx.fxml.FXMLLoader$ControllerMethodEventHandler.handle(FXMLLoader.java:1724)
	com.sun.javafx.event.CompositeEventHandler.dispatchBubblingEvent(CompositeEventHandler.java:86)
	com.sun.javafx.event.EventHandlerManager.dispatchBubblingEvent(EventHandlerManager.java:234)
	com.sun.javafx.event.EventHandlerManager.dispatchBubblingEvent(EventHandlerManager.java:191)
	com.sun.javafx.event.CompositeEventDispatcher.dispatchBubblingEvent(CompositeEventDispatcher.java:59)
	com.sun.javafx.event.BasicEventDispatcher.dispatchEvent(BasicEventDispatcher.java:58)
	com.sun.javafx.event.EventDispatchChainImpl.dispatchEvent(EventDispatchChainImpl.java:114)
	com.sun.javafx.event.BasicEventDispatcher.dispatchEvent(BasicEventDispatcher.java:56)
	com.sun.javafx.event.EventDispatchChainImpl.dispatchEvent(EventDispatchChainImpl.java:114)
	com.sun.javafx.event.BasicEventDispatcher.dispatchEvent(BasicEventDispatcher.java:56)
	com.sun.javafx.event.EventDispatchChainImpl.dispatchEvent(EventDispatchChainImpl.java:114)
	com.sun.javafx.event.EventUtil.fireEventImpl(EventUtil.java:74)
	com.sun.javafx.event.EventUtil.fireEvent(EventUtil.java:49)
	javafx.event.Event.fireEvent(Event.java:198)
	javafx.scene.Node.fireEvent(Node.java:8792)
	javafx.scene.control.Button.fire(Button.java:203)
	com.sun.javafx.scene.control.behavior.ButtonBehavior.mouseReleased(ButtonBehavior.java:208)
	com.sun.javafx.scene.control.inputmap.InputMap.handle(InputMap.java:274)
	com.sun.javafx.event.CompositeEventHandler$NormalEventHandlerRecord.handleBubblingEvent(CompositeEventHandler.java:247)
	com.sun.javafx.event.CompositeEventHandler.dispatchBubblingEvent(CompositeEventHandler.java:80)
	com.sun.javafx.event.EventHandlerManager.dispatchBubblingEvent(EventHandlerManager.java:234)
	com.sun.javafx.event.EventHandlerManager.dispatchBubblingEvent(EventHandlerManager.java:191)
	com.sun.javafx.event.CompositeEventDispatcher.dispatchBubblingEvent(CompositeEventDispatcher.java:59)
	com.sun.javafx.event.BasicEventDispatcher.dispatchEvent(BasicEventDispatcher.java:58)
	com.sun.javafx.event.EventDispatchChainImpl.dispatchEvent(EventDispatchChainImpl.java:114)
	com.sun.javafx.event.BasicEventDispatcher.dispatchEvent(BasicEventDispatcher.java:56)
	com.sun.javafx.event.EventDispatchChainImpl.dispatchEvent(EventDispatchChainImpl.java:114)
	com.sun.javafx.event.BasicEventDispatcher.dispatchEvent(BasicEventDispatcher.java:56)
	com.sun.javafx.event.EventDispatchChainImpl.dispatchEvent(EventDispatchChainImpl.java:114)
	com.sun.javafx.event.EventUtil.fireEventImpl(EventUtil.java:74)
	com.sun.javafx.event.EventUtil.fireEvent(EventUtil.java:54)
	javafx.event.Event.fireEvent(Event.java:198)
	javafx.scene.Scene$MouseHandler.process(Scene.java:3897)
	javafx.scene.Scene.processMouseEvent(Scene.java:1878)
	javafx.scene.Scene$ScenePeerListener.mouseEvent(Scene.java:2623)
	com.sun.javafx.tk.quantum.GlassViewEventHandler$MouseEventNotification.run(GlassViewEventHandler.java:411)
	com.sun.javafx.tk.quantum.GlassViewEventHandler$MouseEventNotification.run(GlassViewEventHandler.java:301)
	java.base/java.security.AccessController.doPrivileged(Native Method)
	com.sun.javafx.tk.quantum.GlassViewEventHandler.lambda$handleMouseEvent$2(GlassViewEventHandler.java:450)
	com.sun.javafx.tk.quantum.QuantumToolkit.runWithoutRenderLock(QuantumToolkit.java:424)
	com.sun.javafx.tk.quantum.GlassViewEventHandler.handleMouseEvent(GlassViewEventHandler.java:449)
	com.sun.glass.ui.View.handleMouseEvent(View.java:557)
	com.sun.glass.ui.View.notifyMouse(View.java:943)
	com.sun.glass.ui.win.WinApplication._runLoop(Native Method)
	com.sun.glass.ui.win.WinApplication.lambda$runLoop$3(WinApplication.java:184)
	java.base/java.lang.Thread.run(Thread.java:834)
	
2023-03-07 08:49:37,336 ERROR strengthDetailsAnalyzer.aop.LoggerExceptionAspect [JavaFX Application Thread] Входные параметры метода service.write(detailTextData, detailNumericalData, specifiedData): [12, 12, 12, false]    [12, ]    [12, 12, 12, 12, 12, 12, 12, 12, 12, 12, 12, 12, сталь, 09Г2С, C, РЭ (УОНИ 13/45), однопроходная автоматическая, 1, растяжение, сжатие и срез, повышенный (УЗД, рентгенография, магнитография), без термообработки, нормализация, толщина не определяется]    pl.jsolve.templ4docx.core.Docx.open(Docx.java:58)
	pl.jsolve.templ4docx.core.Docx.<init>(Docx.java:46)
	strengthDetailsAnalyzer.utils.DocumentWriter.write(DocumentWriter.java:75)
	strengthDetailsAnalyzer.utils.DocumentWriter.writeWeld(DocumentWriter.java:66)
	strengthDetailsAnalyzer.service.WeldService.writeSpecifiedDetail(WeldService.java:42)
	strengthDetailsAnalyzer.service.DetailService.write(DetailService.java:38)
	strengthDetailsAnalyzer.service.DetailService$$FastClassBySpringCGLIB$$8c932164.invoke(<generated>)
	org.springframework.cglib.proxy.MethodProxy.invoke(MethodProxy.java:218)
	org.springframework.aop.framework.CglibAopProxy$CglibMethodInvocation.invokeJoinpoint(CglibAopProxy.java:769)
	org.springframework.aop.framework.ReflectiveMethodInvocation.proceed(ReflectiveMethodInvocation.java:163)
	org.springframework.aop.framework.CglibAopProxy$CglibMethodInvocation.proceed(CglibAopProxy.java:747)
	org.springframework.aop.aspectj.AspectJAfterThrowingAdvice.invoke(AspectJAfterThrowingAdvice.java:62)
	org.springframework.aop.framework.ReflectiveMethodInvocation.proceed(ReflectiveMethodInvocation.java:186)
	org.springframework.aop.framework.CglibAopProxy$CglibMethodInvocation.proceed(CglibAopProxy.java:747)
	org.springframework.aop.interceptor.ExposeInvocationInterceptor.invoke(ExposeInvocationInterceptor.java:93)
	org.springframework.aop.framework.ReflectiveMethodInvocation.proceed(ReflectiveMethodInvocation.java:186)
	org.springframework.aop.framework.CglibAopProxy$CglibMethodInvocation.proceed(CglibAopProxy.java:747)
	org.springframework.aop.framework.CglibAopProxy$DynamicAdvisedInterceptor.intercept(CglibAopProxy.java:689)
	strengthDetailsAnalyzer.service.WeldService$$EnhancerBySpringCGLIB$$15803936.write(<generated>)
	strengthDetailsAnalyzer.controller.WeldController.printDoc(WeldController.java:158)
	java.base/jdk.internal.reflect.NativeMethodAccessorImpl.invoke0(Native Method)
	java.base/jdk.internal.reflect.NativeMethodAccessorImpl.invoke(NativeMethodAccessorImpl.java:62)
	java.base/jdk.internal.reflect.DelegatingMethodAccessorImpl.invoke(DelegatingMethodAccessorImpl.java:43)
	java.base/java.lang.reflect.Method.invoke(Method.java:566)
	com.sun.javafx.reflect.Trampoline.invoke(MethodUtil.java:77)
	jdk.internal.reflect.GeneratedMethodAccessor28.invoke(Unknown Source)
	java.base/jdk.internal.reflect.DelegatingMethodAccessorImpl.invoke(DelegatingMethodAccessorImpl.java:43)
	java.base/java.lang.reflect.Method.invoke(Method.java:566)
	com.sun.javafx.reflect.MethodUtil.invoke(MethodUtil.java:275)
	com.sun.javafx.fxml.MethodHelper.invoke(MethodHelper.java:84)
	javafx.fxml.FXMLLoader$MethodHandler.invoke(FXMLLoader.java:1852)
	javafx.fxml.FXMLLoader$ControllerMethodEventHandler.handle(FXMLLoader.java:1724)
	com.sun.javafx.event.CompositeEventHandler.dispatchBubblingEvent(CompositeEventHandler.java:86)
	com.sun.javafx.event.EventHandlerManager.dispatchBubblingEvent(EventHandlerManager.java:234)
	com.sun.javafx.event.EventHandlerManager.dispatchBubblingEvent(EventHandlerManager.java:191)
	com.sun.javafx.event.CompositeEventDispatcher.dispatchBubblingEvent(CompositeEventDispatcher.java:59)
	com.sun.javafx.event.BasicEventDispatcher.dispatchEvent(BasicEventDispatcher.java:58)
	com.sun.javafx.event.EventDispatchChainImpl.dispatchEvent(EventDispatchChainImpl.java:114)
	com.sun.javafx.event.BasicEventDispatcher.dispatchEvent(BasicEventDispatcher.java:56)
	com.sun.javafx.event.EventDispatchChainImpl.dispatchEvent(EventDispatchChainImpl.java:114)
	com.sun.javafx.event.BasicEventDispatcher.dispatchEvent(BasicEventDispatcher.java:56)
	com.sun.javafx.event.EventDispatchChainImpl.dispatchEvent(EventDispatchChainImpl.java:114)
	com.sun.javafx.event.EventUtil.fireEventImpl(EventUtil.java:74)
	com.sun.javafx.event.EventUtil.fireEvent(EventUtil.java:49)
	javafx.event.Event.fireEvent(Event.java:198)
	javafx.scene.Node.fireEvent(Node.java:8792)
	javafx.scene.control.Button.fire(Button.java:203)
	com.sun.javafx.scene.control.behavior.ButtonBehavior.mouseReleased(ButtonBehavior.java:208)
	com.sun.javafx.scene.control.inputmap.InputMap.handle(InputMap.java:274)
	com.sun.javafx.event.CompositeEventHandler$NormalEventHandlerRecord.handleBubblingEvent(CompositeEventHandler.java:247)
	com.sun.javafx.event.CompositeEventHandler.dispatchBubblingEvent(CompositeEventHandler.java:80)
	com.sun.javafx.event.EventHandlerManager.dispatchBubblingEvent(EventHandlerManager.java:234)
	com.sun.javafx.event.EventHandlerManager.dispatchBubblingEvent(EventHandlerManager.java:191)
	com.sun.javafx.event.CompositeEventDispatcher.dispatchBubblingEvent(CompositeEventDispatcher.java:59)
	com.sun.javafx.event.BasicEventDispatcher.dispatchEvent(BasicEventDispatcher.java:58)
	com.sun.javafx.event.EventDispatchChainImpl.dispatchEvent(EventDispatchChainImpl.java:114)
	com.sun.javafx.event.BasicEventDispatcher.dispatchEvent(BasicEventDispatcher.java:56)
	com.sun.javafx.event.EventDispatchChainImpl.dispatchEvent(EventDispatchChainImpl.java:114)
	com.sun.javafx.event.BasicEventDispatcher.dispatchEvent(BasicEventDispatcher.java:56)
	com.sun.javafx.event.EventDispatchChainImpl.dispatchEvent(EventDispatchChainImpl.java:114)
	com.sun.javafx.event.EventUtil.fireEventImpl(EventUtil.java:74)
	com.sun.javafx.event.EventUtil.fireEvent(EventUtil.java:54)
	javafx.event.Event.fireEvent(Event.java:198)
	javafx.scene.Scene$MouseHandler.process(Scene.java:3897)
	javafx.scene.Scene.processMouseEvent(Scene.java:1878)
	javafx.scene.Scene$ScenePeerListener.mouseEvent(Scene.java:2623)
	com.sun.javafx.tk.quantum.GlassViewEventHandler$MouseEventNotification.run(GlassViewEventHandler.java:411)
	com.sun.javafx.tk.quantum.GlassViewEventHandler$MouseEventNotification.run(GlassViewEventHandler.java:301)
	java.base/java.security.AccessController.doPrivileged(Native Method)
	com.sun.javafx.tk.quantum.GlassViewEventHandler.lambda$handleMouseEvent$2(GlassViewEventHandler.java:450)
	com.sun.javafx.tk.quantum.QuantumToolkit.runWithoutRenderLock(QuantumToolkit.java:424)
	com.sun.javafx.tk.quantum.GlassViewEventHandler.handleMouseEvent(GlassViewEventHandler.java:449)
	com.sun.glass.ui.View.handleMouseEvent(View.java:557)
	com.sun.glass.ui.View.notifyMouse(View.java:943)
	com.sun.glass.ui.win.WinApplication._runLoop(Native Method)
	com.sun.glass.ui.win.WinApplication.lambda$runLoop$3(WinApplication.java:184)
	java.base/java.lang.Thread.run(Thread.java:834)
	
2023-03-07 09:22:31,273 ERROR strengthDetailsAnalyzer.aop.LoggerExceptionAspect [JavaFX Application Thread] Входные параметры метода service.write(detailTextData, detailNumericalData, specifiedData): [12, 12, 12, false]    [12, ]    [12, 12, 12, 12, 12, 12, 12, 12, 1212, 12, 12, 12, сталь, 09Г2С, C, РЭ (УОНИ 13/45), однопроходная автоматическая, 1, растяжение, сжатие и срез, повышенный (УЗД, рентгенография, магнитография), без термообработки, нормализация, толщина не определяется]    pl.jsolve.templ4docx.core.Docx.open(Docx.java:58)
	pl.jsolve.templ4docx.core.Docx.<init>(Docx.java:46)
	strengthDetailsAnalyzer.utils.DocumentWriter.write(DocumentWriter.java:75)
	strengthDetailsAnalyzer.utils.DocumentWriter.writeWeld(DocumentWriter.java:66)
	strengthDetailsAnalyzer.service.WeldService.writeSpecifiedDetail(WeldService.java:42)
	strengthDetailsAnalyzer.service.DetailService.write(DetailService.java:38)
	strengthDetailsAnalyzer.service.DetailService$$FastClassBySpringCGLIB$$8c932164.invoke(<generated>)
	org.springframework.cglib.proxy.MethodProxy.invoke(MethodProxy.java:218)
	org.springframework.aop.framework.CglibAopProxy$CglibMethodInvocation.invokeJoinpoint(CglibAopProxy.java:769)
	org.springframework.aop.framework.ReflectiveMethodInvocation.proceed(ReflectiveMethodInvocation.java:163)
	org.springframework.aop.framework.CglibAopProxy$CglibMethodInvocation.proceed(CglibAopProxy.java:747)
	org.springframework.aop.aspectj.AspectJAfterThrowingAdvice.invoke(AspectJAfterThrowingAdvice.java:62)
	org.springframework.aop.framework.ReflectiveMethodInvocation.proceed(ReflectiveMethodInvocation.java:186)
	org.springframework.aop.framework.CglibAopProxy$CglibMethodInvocation.proceed(CglibAopProxy.java:747)
	org.springframework.aop.interceptor.ExposeInvocationInterceptor.invoke(ExposeInvocationInterceptor.java:93)
	org.springframework.aop.framework.ReflectiveMethodInvocation.proceed(ReflectiveMethodInvocation.java:186)
	org.springframework.aop.framework.CglibAopProxy$CglibMethodInvocation.proceed(CglibAopProxy.java:747)
	org.springframework.aop.framework.CglibAopProxy$DynamicAdvisedInterceptor.intercept(CglibAopProxy.java:689)
	strengthDetailsAnalyzer.service.WeldService$$EnhancerBySpringCGLIB$$7501e1a7.write(<generated>)
	strengthDetailsAnalyzer.controller.WeldController.printDoc(WeldController.java:158)
	java.base/jdk.internal.reflect.NativeMethodAccessorImpl.invoke0(Native Method)
	java.base/jdk.internal.reflect.NativeMethodAccessorImpl.invoke(NativeMethodAccessorImpl.java:62)
	java.base/jdk.internal.reflect.DelegatingMethodAccessorImpl.invoke(DelegatingMethodAccessorImpl.java:43)
	java.base/java.lang.reflect.Method.invoke(Method.java:566)
	com.sun.javafx.reflect.Trampoline.invoke(MethodUtil.java:77)
	jdk.internal.reflect.GeneratedMethodAccessor28.invoke(Unknown Source)
	java.base/jdk.internal.reflect.DelegatingMethodAccessorImpl.invoke(DelegatingMethodAccessorImpl.java:43)
	java.base/java.lang.reflect.Method.invoke(Method.java:566)
	com.sun.javafx.reflect.MethodUtil.invoke(MethodUtil.java:275)
	com.sun.javafx.fxml.MethodHelper.invoke(MethodHelper.java:84)
	javafx.fxml.FXMLLoader$MethodHandler.invoke(FXMLLoader.java:1852)
	javafx.fxml.FXMLLoader$ControllerMethodEventHandler.handle(FXMLLoader.java:1724)
	com.sun.javafx.event.CompositeEventHandler.dispatchBubblingEvent(CompositeEventHandler.java:86)
	com.sun.javafx.event.EventHandlerManager.dispatchBubblingEvent(EventHandlerManager.java:234)
	com.sun.javafx.event.EventHandlerManager.dispatchBubblingEvent(EventHandlerManager.java:191)
	com.sun.javafx.event.CompositeEventDispatcher.dispatchBubblingEvent(CompositeEventDispatcher.java:59)
	com.sun.javafx.event.BasicEventDispatcher.dispatchEvent(BasicEventDispatcher.java:58)
	com.sun.javafx.event.EventDispatchChainImpl.dispatchEvent(EventDispatchChainImpl.java:114)
	com.sun.javafx.event.BasicEventDispatcher.dispatchEvent(BasicEventDispatcher.java:56)
	com.sun.javafx.event.EventDispatchChainImpl.dispatchEvent(EventDispatchChainImpl.java:114)
	com.sun.javafx.event.BasicEventDispatcher.dispatchEvent(BasicEventDispatcher.java:56)
	com.sun.javafx.event.EventDispatchChainImpl.dispatchEvent(EventDispatchChainImpl.java:114)
	com.sun.javafx.event.EventUtil.fireEventImpl(EventUtil.java:74)
	com.sun.javafx.event.EventUtil.fireEvent(EventUtil.java:49)
	javafx.event.Event.fireEvent(Event.java:198)
	javafx.scene.Node.fireEvent(Node.java:8792)
	javafx.scene.control.Button.fire(Button.java:203)
	com.sun.javafx.scene.control.behavior.ButtonBehavior.mouseReleased(ButtonBehavior.java:208)
	com.sun.javafx.scene.control.inputmap.InputMap.handle(InputMap.java:274)
	com.sun.javafx.event.CompositeEventHandler$NormalEventHandlerRecord.handleBubblingEvent(CompositeEventHandler.java:247)
	com.sun.javafx.event.CompositeEventHandler.dispatchBubblingEvent(CompositeEventHandler.java:80)
	com.sun.javafx.event.EventHandlerManager.dispatchBubblingEvent(EventHandlerManager.java:234)
	com.sun.javafx.event.EventHandlerManager.dispatchBubblingEvent(EventHandlerManager.java:191)
	com.sun.javafx.event.CompositeEventDispatcher.dispatchBubblingEvent(CompositeEventDispatcher.java:59)
	com.sun.javafx.event.BasicEventDispatcher.dispatchEvent(BasicEventDispatcher.java:58)
	com.sun.javafx.event.EventDispatchChainImpl.dispatchEvent(EventDispatchChainImpl.java:114)
	com.sun.javafx.event.BasicEventDispatcher.dispatchEvent(BasicEventDispatcher.java:56)
	com.sun.javafx.event.EventDispatchChainImpl.dispatchEvent(EventDispatchChainImpl.java:114)
	com.sun.javafx.event.BasicEventDispatcher.dispatchEvent(BasicEventDispatcher.java:56)
	com.sun.javafx.event.EventDispatchChainImpl.dispatchEvent(EventDispatchChainImpl.java:114)
	com.sun.javafx.event.EventUtil.fireEventImpl(EventUtil.java:74)
	com.sun.javafx.event.EventUtil.fireEvent(EventUtil.java:54)
	javafx.event.Event.fireEvent(Event.java:198)
	javafx.scene.Scene$MouseHandler.process(Scene.java:3897)
	javafx.scene.Scene.processMouseEvent(Scene.java:1878)
	javafx.scene.Scene$ScenePeerListener.mouseEvent(Scene.java:2623)
	com.sun.javafx.tk.quantum.GlassViewEventHandler$MouseEventNotification.run(GlassViewEventHandler.java:411)
	com.sun.javafx.tk.quantum.GlassViewEventHandler$MouseEventNotification.run(GlassViewEventHandler.java:301)
	java.base/java.security.AccessController.doPrivileged(Native Method)
	com.sun.javafx.tk.quantum.GlassViewEventHandler.lambda$handleMouseEvent$2(GlassViewEventHandler.java:450)
	com.sun.javafx.tk.quantum.QuantumToolkit.runWithoutRenderLock(QuantumToolkit.java:424)
	com.sun.javafx.tk.quantum.GlassViewEventHandler.handleMouseEvent(GlassViewEventHandler.java:449)
	com.sun.glass.ui.View.handleMouseEvent(View.java:557)
	com.sun.glass.ui.View.notifyMouse(View.java:943)
	com.sun.glass.ui.win.WinApplication._runLoop(Native Method)
	com.sun.glass.ui.win.WinApplication.lambda$runLoop$3(WinApplication.java:184)
	java.base/java.lang.Thread.run(Thread.java:834)
	
2023-03-07 10:20:31,493 ERROR strengthDetailsAnalyzer.aop.LoggerExceptionAspect [JavaFX Application Thread] Входные параметры метода service.write(detailTextData, detailNumericalData, specifiedData): [скоба авиационная, 00000, сталь 09Г2С, false]    [345, ]    [2550, 20000, 20000, 20000, 55, 1, 55, 1374084466, 13529449, 37,5, 100, 110, сталь, 09Г2С, T, УП (Св-08Г2С), однопроходная полуавтоматическая, 1, растяжение, сжатие и срез, повышенный (УЗД, рентгенография, магнитография), без термообработки, нормализация, толщина не определяется]    java.base/jdk.internal.math.FloatingDecimal.readJavaFormatString(FloatingDecimal.java:2054)
	java.base/jdk.internal.math.FloatingDecimal.parseDouble(FloatingDecimal.java:110)
	java.base/java.lang.Double.parseDouble(Double.java:543)
	java.base/java.lang.Double.valueOf(Double.java:506)
	strengthDetailsAnalyzer.service.WeldService.build(WeldService.java:71)
	strengthDetailsAnalyzer.service.WeldService.writeSpecifiedDetail(WeldService.java:41)
	strengthDetailsAnalyzer.service.DetailService.write(DetailService.java:38)
	strengthDetailsAnalyzer.service.DetailService$$FastClassBySpringCGLIB$$8c932164.invoke(<generated>)
	org.springframework.cglib.proxy.MethodProxy.invoke(MethodProxy.java:218)
	org.springframework.aop.framework.CglibAopProxy$CglibMethodInvocation.invokeJoinpoint(CglibAopProxy.java:769)
	org.springframework.aop.framework.ReflectiveMethodInvocation.proceed(ReflectiveMethodInvocation.java:163)
	org.springframework.aop.framework.CglibAopProxy$CglibMethodInvocation.proceed(CglibAopProxy.java:747)
	org.springframework.aop.aspectj.AspectJAfterThrowingAdvice.invoke(AspectJAfterThrowingAdvice.java:62)
	org.springframework.aop.framework.ReflectiveMethodInvocation.proceed(ReflectiveMethodInvocation.java:186)
	org.springframework.aop.framework.CglibAopProxy$CglibMethodInvocation.proceed(CglibAopProxy.java:747)
	org.springframework.aop.interceptor.ExposeInvocationInterceptor.invoke(ExposeInvocationInterceptor.java:93)
	org.springframework.aop.framework.ReflectiveMethodInvocation.proceed(ReflectiveMethodInvocation.java:186)
	org.springframework.aop.framework.CglibAopProxy$CglibMethodInvocation.proceed(CglibAopProxy.java:747)
	org.springframework.aop.framework.CglibAopProxy$DynamicAdvisedInterceptor.intercept(CglibAopProxy.java:689)
	strengthDetailsAnalyzer.service.WeldService$$EnhancerBySpringCGLIB$$9eac1c93.write(<generated>)
	strengthDetailsAnalyzer.controller.WeldController.printDoc(WeldController.java:158)
	java.base/jdk.internal.reflect.NativeMethodAccessorImpl.invoke0(Native Method)
	java.base/jdk.internal.reflect.NativeMethodAccessorImpl.invoke(NativeMethodAccessorImpl.java:62)
	java.base/jdk.internal.reflect.DelegatingMethodAccessorImpl.invoke(DelegatingMethodAccessorImpl.java:43)
	java.base/java.lang.reflect.Method.invoke(Method.java:566)
	com.sun.javafx.reflect.Trampoline.invoke(MethodUtil.java:77)
	jdk.internal.reflect.GeneratedMethodAccessor28.invoke(Unknown Source)
	java.base/jdk.internal.reflect.DelegatingMethodAccessorImpl.invoke(DelegatingMethodAccessorImpl.java:43)
	java.base/java.lang.reflect.Method.invoke(Method.java:566)
	com.sun.javafx.reflect.MethodUtil.invoke(MethodUtil.java:275)
	com.sun.javafx.fxml.MethodHelper.invoke(MethodHelper.java:84)
	javafx.fxml.FXMLLoader$MethodHandler.invoke(FXMLLoader.java:1852)
	javafx.fxml.FXMLLoader$ControllerMethodEventHandler.handle(FXMLLoader.java:1724)
	com.sun.javafx.event.CompositeEventHandler.dispatchBubblingEvent(CompositeEventHandler.java:86)
	com.sun.javafx.event.EventHandlerManager.dispatchBubblingEvent(EventHandlerManager.java:234)
	com.sun.javafx.event.EventHandlerManager.dispatchBubblingEvent(EventHandlerManager.java:191)
	com.sun.javafx.event.CompositeEventDispatcher.dispatchBubblingEvent(CompositeEventDispatcher.java:59)
	com.sun.javafx.event.BasicEventDispatcher.dispatchEvent(BasicEventDispatcher.java:58)
	com.sun.javafx.event.EventDispatchChainImpl.dispatchEvent(EventDispatchChainImpl.java:114)
	com.sun.javafx.event.BasicEventDispatcher.dispatchEvent(BasicEventDispatcher.java:56)
	com.sun.javafx.event.EventDispatchChainImpl.dispatchEvent(EventDispatchChainImpl.java:114)
	com.sun.javafx.event.BasicEventDispatcher.dispatchEvent(BasicEventDispatcher.java:56)
	com.sun.javafx.event.EventDispatchChainImpl.dispatchEvent(EventDispatchChainImpl.java:114)
	com.sun.javafx.event.EventUtil.fireEventImpl(EventUtil.java:74)
	com.sun.javafx.event.EventUtil.fireEvent(EventUtil.java:49)
	javafx.event.Event.fireEvent(Event.java:198)
	javafx.scene.Node.fireEvent(Node.java:8792)
	javafx.scene.control.Button.fire(Button.java:203)
	com.sun.javafx.scene.control.behavior.ButtonBehavior.mouseReleased(ButtonBehavior.java:208)
	com.sun.javafx.scene.control.inputmap.InputMap.handle(InputMap.java:274)
	com.sun.javafx.event.CompositeEventHandler$NormalEventHandlerRecord.handleBubblingEvent(CompositeEventHandler.java:247)
	com.sun.javafx.event.CompositeEventHandler.dispatchBubblingEvent(CompositeEventHandler.java:80)
	com.sun.javafx.event.EventHandlerManager.dispatchBubblingEvent(EventHandlerManager.java:234)
	com.sun.javafx.event.EventHandlerManager.dispatchBubblingEvent(EventHandlerManager.java:191)
	com.sun.javafx.event.CompositeEventDispatcher.dispatchBubblingEvent(CompositeEventDispatcher.java:59)
	com.sun.javafx.event.BasicEventDispatcher.dispatchEvent(BasicEventDispatcher.java:58)
	com.sun.javafx.event.EventDispatchChainImpl.dispatchEvent(EventDispatchChainImpl.java:114)
	com.sun.javafx.event.BasicEventDispatcher.dispatchEvent(BasicEventDispatcher.java:56)
	com.sun.javafx.event.EventDispatchChainImpl.dispatchEvent(EventDispatchChainImpl.java:114)
	com.sun.javafx.event.BasicEventDispatcher.dispatchEvent(BasicEventDispatcher.java:56)
	com.sun.javafx.event.EventDispatchChainImpl.dispatchEvent(EventDispatchChainImpl.java:114)
	com.sun.javafx.event.EventUtil.fireEventImpl(EventUtil.java:74)
	com.sun.javafx.event.EventUtil.fireEvent(EventUtil.java:54)
	javafx.event.Event.fireEvent(Event.java:198)
	javafx.scene.Scene$MouseHandler.process(Scene.java:3897)
	javafx.scene.Scene.processMouseEvent(Scene.java:1878)
	javafx.scene.Scene$ScenePeerListener.mouseEvent(Scene.java:2623)
	com.sun.javafx.tk.quantum.GlassViewEventHandler$MouseEventNotification.run(GlassViewEventHandler.java:411)
	com.sun.javafx.tk.quantum.GlassViewEventHandler$MouseEventNotification.run(GlassViewEventHandler.java:301)
	java.base/java.security.AccessController.doPrivileged(Native Method)
	com.sun.javafx.tk.quantum.GlassViewEventHandler.lambda$handleMouseEvent$2(GlassViewEventHandler.java:450)
	com.sun.javafx.tk.quantum.QuantumToolkit.runWithoutRenderLock(QuantumToolkit.java:424)
	com.sun.javafx.tk.quantum.GlassViewEventHandler.handleMouseEvent(GlassViewEventHandler.java:449)
	com.sun.glass.ui.View.handleMouseEvent(View.java:557)
	com.sun.glass.ui.View.notifyMouse(View.java:943)
	com.sun.glass.ui.win.WinApplication._runLoop(Native Method)
	com.sun.glass.ui.win.WinApplication.lambda$runLoop$3(WinApplication.java:184)
	java.base/java.lang.Thread.run(Thread.java:834)
	
