2023-02-20 13:00:17,264 ERROR org.springframework.boot.SpringApplication [JavaFX-Launcher] Application run failed
org.springframework.beans.factory.BeanCreationException: Error creating bean with name 'weldController' defined in file [C:\Users\user\Desktop\StrengthDetailsAnalyzer\target\classes\strengthDetailsAnalyzer\controller\WeldController.class]: Bean instantiation via constructor failed; nested exception is org.springframework.beans.BeanInstantiationException: Failed to instantiate [strengthDetailsAnalyzer.controller.WeldController]: Constructor threw exception; nested exception is java.lang.RuntimeException: java.io.FileNotFoundException: src\main\resources\data\detailMaterial.csv (Не удается найти указанный файл)
	at org.springframework.beans.factory.support.ConstructorResolver.instantiate(ConstructorResolver.java:312)
	at org.springframework.beans.factory.support.ConstructorResolver.autowireConstructor(ConstructorResolver.java:293)
	at org.springframework.beans.factory.support.AbstractAutowireCapableBeanFactory.autowireConstructor(AbstractAutowireCapableBeanFactory.java:1358)
	at org.springframework.beans.factory.support.AbstractAutowireCapableBeanFactory.createBeanInstance(AbstractAutowireCapableBeanFactory.java:1204)
	at org.springframework.beans.factory.support.AbstractAutowireCapableBeanFactory.doCreateBean(AbstractAutowireCapableBeanFactory.java:557)
	at org.springframework.beans.factory.support.AbstractAutowireCapableBeanFactory.createBean(AbstractAutowireCapableBeanFactory.java:517)
	at org.springframework.beans.factory.support.AbstractBeanFactory.lambda$doGetBean$0(AbstractBeanFactory.java:323)
	at org.springframework.beans.factory.support.DefaultSingletonBeanRegistry.getSingleton(DefaultSingletonBeanRegistry.java:222)
	at org.springframework.beans.factory.support.AbstractBeanFactory.doGetBean(AbstractBeanFactory.java:321)
	at org.springframework.beans.factory.support.AbstractBeanFactory.getBean(AbstractBeanFactory.java:202)
	at org.springframework.beans.factory.support.DefaultListableBeanFactory.preInstantiateSingletons(DefaultListableBeanFactory.java:879)
	at org.springframework.context.support.AbstractApplicationContext.finishBeanFactoryInitialization(AbstractApplicationContext.java:878)
	at org.springframework.context.support.AbstractApplicationContext.refresh(AbstractApplicationContext.java:550)
	at org.springframework.boot.SpringApplication.refresh(SpringApplication.java:747)
	at org.springframework.boot.SpringApplication.refreshContext(SpringApplication.java:397)
	at org.springframework.boot.SpringApplication.run(SpringApplication.java:315)
	at org.springframework.boot.builder.SpringApplicationBuilder.run(SpringApplicationBuilder.java:140)
	at strengthDetailsAnalyzer.JavaFxRunner.init(JavaFxRunner.java:22)
	at com.sun.javafx.application.LauncherImpl.launchApplication1(LauncherImpl.java:825)
	at com.sun.javafx.application.LauncherImpl.lambda$launchApplication$2(LauncherImpl.java:196)
	at java.base/java.lang.Thread.run(Thread.java:834)
Caused by: org.springframework.beans.BeanInstantiationException: Failed to instantiate [strengthDetailsAnalyzer.controller.WeldController]: Constructor threw exception; nested exception is java.lang.RuntimeException: java.io.FileNotFoundException: src\main\resources\data\detailMaterial.csv (Не удается найти указанный файл)
	at org.springframework.beans.BeanUtils.instantiateClass(BeanUtils.java:213)
	at org.springframework.beans.factory.support.SimpleInstantiationStrategy.instantiate(SimpleInstantiationStrategy.java:117)
	at org.springframework.beans.factory.support.ConstructorResolver.instantiate(ConstructorResolver.java:308)
	... 20 common frames omitted
Caused by: java.lang.RuntimeException: java.io.FileNotFoundException: src\main\resources\data\detailMaterial.csv (Не удается найти указанный файл)
	at strengthDetailsAnalyzer.utils.DataLoader.loadDataFromCSVFile(DataLoader.java:67)
	at strengthDetailsAnalyzer.utils.DataLoader.getMaterials(DataLoader.java:37)
	at strengthDetailsAnalyzer.controller.WeldController.loadData(WeldController.java:186)
	at strengthDetailsAnalyzer.controller.WeldController.<init>(WeldController.java:36)
	at java.base/jdk.internal.reflect.NativeConstructorAccessorImpl.newInstance0(Native Method)
	at java.base/jdk.internal.reflect.NativeConstructorAccessorImpl.newInstance(NativeConstructorAccessorImpl.java:62)
	at java.base/jdk.internal.reflect.DelegatingConstructorAccessorImpl.newInstance(DelegatingConstructorAccessorImpl.java:45)
	at java.base/java.lang.reflect.Constructor.newInstance(Constructor.java:490)
	at org.springframework.beans.BeanUtils.instantiateClass(BeanUtils.java:200)
	... 22 common frames omitted
Caused by: java.io.FileNotFoundException: src\main\resources\data\detailMaterial.csv (Не удается найти указанный файл)
	at java.base/java.io.FileInputStream.open0(Native Method)
	at java.base/java.io.FileInputStream.open(FileInputStream.java:219)
	at java.base/java.io.FileInputStream.<init>(FileInputStream.java:157)
	at java.base/java.util.Scanner.<init>(Scanner.java:639)
	at strengthDetailsAnalyzer.utils.DataLoader.loadDataFromCSVFile(DataLoader.java:44)
	... 30 common frames omitted
2023-02-20 14:09:20,802 ERROR org.springframework.boot.SpringApplication [JavaFX-Launcher] Application run failed
org.springframework.beans.factory.BeanCreationException: Error creating bean with name 'weldController' defined in file [C:\Users\user\Desktop\StrengthDetailsAnalyzer\target\classes\strengthDetailsAnalyzer\controller\WeldController.class]: Bean instantiation via constructor failed; nested exception is org.springframework.beans.BeanInstantiationException: Failed to instantiate [strengthDetailsAnalyzer.controller.WeldController]: Constructor threw exception; nested exception is java.lang.NullPointerException
	at org.springframework.beans.factory.support.ConstructorResolver.instantiate(ConstructorResolver.java:312)
	at org.springframework.beans.factory.support.ConstructorResolver.autowireConstructor(ConstructorResolver.java:293)
	at org.springframework.beans.factory.support.AbstractAutowireCapableBeanFactory.autowireConstructor(AbstractAutowireCapableBeanFactory.java:1358)
	at org.springframework.beans.factory.support.AbstractAutowireCapableBeanFactory.createBeanInstance(AbstractAutowireCapableBeanFactory.java:1204)
	at org.springframework.beans.factory.support.AbstractAutowireCapableBeanFactory.doCreateBean(AbstractAutowireCapableBeanFactory.java:557)
	at org.springframework.beans.factory.support.AbstractAutowireCapableBeanFactory.createBean(AbstractAutowireCapableBeanFactory.java:517)
	at org.springframework.beans.factory.support.AbstractBeanFactory.lambda$doGetBean$0(AbstractBeanFactory.java:323)
	at org.springframework.beans.factory.support.DefaultSingletonBeanRegistry.getSingleton(DefaultSingletonBeanRegistry.java:222)
	at org.springframework.beans.factory.support.AbstractBeanFactory.doGetBean(AbstractBeanFactory.java:321)
	at org.springframework.beans.factory.support.AbstractBeanFactory.getBean(AbstractBeanFactory.java:202)
	at org.springframework.beans.factory.support.DefaultListableBeanFactory.preInstantiateSingletons(DefaultListableBeanFactory.java:879)
	at org.springframework.context.support.AbstractApplicationContext.finishBeanFactoryInitialization(AbstractApplicationContext.java:878)
	at org.springframework.context.support.AbstractApplicationContext.refresh(AbstractApplicationContext.java:550)
	at org.springframework.boot.SpringApplication.refresh(SpringApplication.java:747)
	at org.springframework.boot.SpringApplication.refreshContext(SpringApplication.java:397)
	at org.springframework.boot.SpringApplication.run(SpringApplication.java:315)
	at org.springframework.boot.builder.SpringApplicationBuilder.run(SpringApplicationBuilder.java:140)
	at strengthDetailsAnalyzer.JavaFxRunner.init(JavaFxRunner.java:22)
	at com.sun.javafx.application.LauncherImpl.launchApplication1(LauncherImpl.java:825)
	at com.sun.javafx.application.LauncherImpl.lambda$launchApplication$2(LauncherImpl.java:196)
	at java.base/java.lang.Thread.run(Thread.java:834)
Caused by: org.springframework.beans.BeanInstantiationException: Failed to instantiate [strengthDetailsAnalyzer.controller.WeldController]: Constructor threw exception; nested exception is java.lang.NullPointerException
	at org.springframework.beans.BeanUtils.instantiateClass(BeanUtils.java:213)
	at org.springframework.beans.factory.support.SimpleInstantiationStrategy.instantiate(SimpleInstantiationStrategy.java:117)
	at org.springframework.beans.factory.support.ConstructorResolver.instantiate(ConstructorResolver.java:308)
	... 20 common frames omitted
Caused by: java.lang.NullPointerException: null
	at strengthDetailsAnalyzer.controller.WeldController.loadData(WeldController.java:189)
	at strengthDetailsAnalyzer.controller.WeldController.<init>(WeldController.java:40)
	at java.base/jdk.internal.reflect.NativeConstructorAccessorImpl.newInstance0(Native Method)
	at java.base/jdk.internal.reflect.NativeConstructorAccessorImpl.newInstance(NativeConstructorAccessorImpl.java:62)
	at java.base/jdk.internal.reflect.DelegatingConstructorAccessorImpl.newInstance(DelegatingConstructorAccessorImpl.java:45)
	at java.base/java.lang.reflect.Constructor.newInstance(Constructor.java:490)
	at org.springframework.beans.BeanUtils.instantiateClass(BeanUtils.java:200)
	... 22 common frames omitted
2023-02-20 15:31:18,323 ERROR org.springframework.boot.SpringApplication [JavaFX-Launcher] Application run failed
org.springframework.beans.factory.BeanCreationException: Error creating bean with name 'weldController' defined in file [C:\Users\user\Desktop\StrengthDetailsAnalyzer\target\classes\strengthDetailsAnalyzer\controller\WeldController.class]: Bean instantiation via constructor failed; nested exception is org.springframework.beans.BeanInstantiationException: Failed to instantiate [strengthDetailsAnalyzer.controller.WeldController]: Constructor threw exception; nested exception is java.lang.UnsupportedOperationException
	at org.springframework.beans.factory.support.ConstructorResolver.instantiate(ConstructorResolver.java:312)
	at org.springframework.beans.factory.support.ConstructorResolver.autowireConstructor(ConstructorResolver.java:293)
	at org.springframework.beans.factory.support.AbstractAutowireCapableBeanFactory.autowireConstructor(AbstractAutowireCapableBeanFactory.java:1358)
	at org.springframework.beans.factory.support.AbstractAutowireCapableBeanFactory.createBeanInstance(AbstractAutowireCapableBeanFactory.java:1204)
	at org.springframework.beans.factory.support.AbstractAutowireCapableBeanFactory.doCreateBean(AbstractAutowireCapableBeanFactory.java:557)
	at org.springframework.beans.factory.support.AbstractAutowireCapableBeanFactory.createBean(AbstractAutowireCapableBeanFactory.java:517)
	at org.springframework.beans.factory.support.AbstractBeanFactory.lambda$doGetBean$0(AbstractBeanFactory.java:323)
	at org.springframework.beans.factory.support.DefaultSingletonBeanRegistry.getSingleton(DefaultSingletonBeanRegistry.java:222)
	at org.springframework.beans.factory.support.AbstractBeanFactory.doGetBean(AbstractBeanFactory.java:321)
	at org.springframework.beans.factory.support.AbstractBeanFactory.getBean(AbstractBeanFactory.java:202)
	at org.springframework.beans.factory.support.DefaultListableBeanFactory.preInstantiateSingletons(DefaultListableBeanFactory.java:879)
	at org.springframework.context.support.AbstractApplicationContext.finishBeanFactoryInitialization(AbstractApplicationContext.java:878)
	at org.springframework.context.support.AbstractApplicationContext.refresh(AbstractApplicationContext.java:550)
	at org.springframework.boot.SpringApplication.refresh(SpringApplication.java:747)
	at org.springframework.boot.SpringApplication.refreshContext(SpringApplication.java:397)
	at org.springframework.boot.SpringApplication.run(SpringApplication.java:315)
	at org.springframework.boot.builder.SpringApplicationBuilder.run(SpringApplicationBuilder.java:140)
	at strengthDetailsAnalyzer.JavaFxRunner.init(JavaFxRunner.java:22)
	at com.sun.javafx.application.LauncherImpl.launchApplication1(LauncherImpl.java:825)
	at com.sun.javafx.application.LauncherImpl.lambda$launchApplication$2(LauncherImpl.java:196)
	at java.base/java.lang.Thread.run(Thread.java:834)
Caused by: org.springframework.beans.BeanInstantiationException: Failed to instantiate [strengthDetailsAnalyzer.controller.WeldController]: Constructor threw exception; nested exception is java.lang.UnsupportedOperationException
	at org.springframework.beans.BeanUtils.instantiateClass(BeanUtils.java:213)
	at org.springframework.beans.factory.support.SimpleInstantiationStrategy.instantiate(SimpleInstantiationStrategy.java:117)
	at org.springframework.beans.factory.support.ConstructorResolver.instantiate(ConstructorResolver.java:308)
	... 20 common frames omitted
Caused by: java.lang.UnsupportedOperationException: null
	at java.base/java.util.AbstractList.add(AbstractList.java:153)
	at java.base/java.util.AbstractList.add(AbstractList.java:111)
	at strengthDetailsAnalyzer.utils.DataLoader.insertLineDataInMaterialStore(DataLoader.java:78)
	at strengthDetailsAnalyzer.utils.DataLoader.loadDataFromCSVFile(DataLoader.java:52)
	at strengthDetailsAnalyzer.utils.DataLoader.getMaterials(DataLoader.java:37)
	at strengthDetailsAnalyzer.controller.WeldController.loadData(WeldController.java:203)
	at strengthDetailsAnalyzer.controller.WeldController.<init>(WeldController.java:38)
	at java.base/jdk.internal.reflect.NativeConstructorAccessorImpl.newInstance0(Native Method)
	at java.base/jdk.internal.reflect.NativeConstructorAccessorImpl.newInstance(NativeConstructorAccessorImpl.java:62)
	at java.base/jdk.internal.reflect.DelegatingConstructorAccessorImpl.newInstance(DelegatingConstructorAccessorImpl.java:45)
	at java.base/java.lang.reflect.Constructor.newInstance(Constructor.java:490)
	at org.springframework.beans.BeanUtils.instantiateClass(BeanUtils.java:200)
	... 22 common frames omitted
2023-02-20 15:32:29,162 ERROR org.springframework.boot.SpringApplication [JavaFX-Launcher] Application run failed
org.springframework.beans.factory.BeanCreationException: Error creating bean with name 'weldController' defined in file [C:\Users\user\Desktop\StrengthDetailsAnalyzer\target\classes\strengthDetailsAnalyzer\controller\WeldController.class]: Bean instantiation via constructor failed; nested exception is org.springframework.beans.BeanInstantiationException: Failed to instantiate [strengthDetailsAnalyzer.controller.WeldController]: Constructor threw exception; nested exception is java.lang.ClassCastException: class java.util.Arrays$ArrayList cannot be cast to class java.util.ArrayList (java.util.Arrays$ArrayList and java.util.ArrayList are in module java.base of loader 'bootstrap')
	at org.springframework.beans.factory.support.ConstructorResolver.instantiate(ConstructorResolver.java:312)
	at org.springframework.beans.factory.support.ConstructorResolver.autowireConstructor(ConstructorResolver.java:293)
	at org.springframework.beans.factory.support.AbstractAutowireCapableBeanFactory.autowireConstructor(AbstractAutowireCapableBeanFactory.java:1358)
	at org.springframework.beans.factory.support.AbstractAutowireCapableBeanFactory.createBeanInstance(AbstractAutowireCapableBeanFactory.java:1204)
	at org.springframework.beans.factory.support.AbstractAutowireCapableBeanFactory.doCreateBean(AbstractAutowireCapableBeanFactory.java:557)
	at org.springframework.beans.factory.support.AbstractAutowireCapableBeanFactory.createBean(AbstractAutowireCapableBeanFactory.java:517)
	at org.springframework.beans.factory.support.AbstractBeanFactory.lambda$doGetBean$0(AbstractBeanFactory.java:323)
	at org.springframework.beans.factory.support.DefaultSingletonBeanRegistry.getSingleton(DefaultSingletonBeanRegistry.java:222)
	at org.springframework.beans.factory.support.AbstractBeanFactory.doGetBean(AbstractBeanFactory.java:321)
	at org.springframework.beans.factory.support.AbstractBeanFactory.getBean(AbstractBeanFactory.java:202)
	at org.springframework.beans.factory.support.DefaultListableBeanFactory.preInstantiateSingletons(DefaultListableBeanFactory.java:879)
	at org.springframework.context.support.AbstractApplicationContext.finishBeanFactoryInitialization(AbstractApplicationContext.java:878)
	at org.springframework.context.support.AbstractApplicationContext.refresh(AbstractApplicationContext.java:550)
	at org.springframework.boot.SpringApplication.refresh(SpringApplication.java:747)
	at org.springframework.boot.SpringApplication.refreshContext(SpringApplication.java:397)
	at org.springframework.boot.SpringApplication.run(SpringApplication.java:315)
	at org.springframework.boot.builder.SpringApplicationBuilder.run(SpringApplicationBuilder.java:140)
	at strengthDetailsAnalyzer.JavaFxRunner.init(JavaFxRunner.java:22)
	at com.sun.javafx.application.LauncherImpl.launchApplication1(LauncherImpl.java:825)
	at com.sun.javafx.application.LauncherImpl.lambda$launchApplication$2(LauncherImpl.java:196)
	at java.base/java.lang.Thread.run(Thread.java:834)
Caused by: org.springframework.beans.BeanInstantiationException: Failed to instantiate [strengthDetailsAnalyzer.controller.WeldController]: Constructor threw exception; nested exception is java.lang.ClassCastException: class java.util.Arrays$ArrayList cannot be cast to class java.util.ArrayList (java.util.Arrays$ArrayList and java.util.ArrayList are in module java.base of loader 'bootstrap')
	at org.springframework.beans.BeanUtils.instantiateClass(BeanUtils.java:213)
	at org.springframework.beans.factory.support.SimpleInstantiationStrategy.instantiate(SimpleInstantiationStrategy.java:117)
	at org.springframework.beans.factory.support.ConstructorResolver.instantiate(ConstructorResolver.java:308)
	... 20 common frames omitted
Caused by: java.lang.ClassCastException: class java.util.Arrays$ArrayList cannot be cast to class java.util.ArrayList (java.util.Arrays$ArrayList and java.util.ArrayList are in module java.base of loader 'bootstrap')
	at strengthDetailsAnalyzer.utils.DataLoader.insertLineDataInMaterialStore(DataLoader.java:77)
	at strengthDetailsAnalyzer.utils.DataLoader.loadDataFromCSVFile(DataLoader.java:52)
	at strengthDetailsAnalyzer.utils.DataLoader.getMaterials(DataLoader.java:37)
	at strengthDetailsAnalyzer.controller.WeldController.loadData(WeldController.java:203)
	at strengthDetailsAnalyzer.controller.WeldController.<init>(WeldController.java:38)
	at java.base/jdk.internal.reflect.NativeConstructorAccessorImpl.newInstance0(Native Method)
	at java.base/jdk.internal.reflect.NativeConstructorAccessorImpl.newInstance(NativeConstructorAccessorImpl.java:62)
	at java.base/jdk.internal.reflect.DelegatingConstructorAccessorImpl.newInstance(DelegatingConstructorAccessorImpl.java:45)
	at java.base/java.lang.reflect.Constructor.newInstance(Constructor.java:490)
	at org.springframework.beans.BeanUtils.instantiateClass(BeanUtils.java:200)
	... 22 common frames omitted
2023-02-20 17:05:12,472 ERROR org.springframework.boot.SpringApplication [JavaFX-Launcher] Application run failed
org.springframework.beans.factory.BeanCreationException: Error creating bean with name 'weldController' defined in file [C:\Users\user\Desktop\StrengthDetailsAnalyzer\target\classes\strengthDetailsAnalyzer\controller\WeldController.class]: Bean instantiation via constructor failed; nested exception is org.springframework.beans.BeanInstantiationException: Failed to instantiate [strengthDetailsAnalyzer.controller.WeldController]: Constructor threw exception; nested exception is java.lang.RuntimeException: java.io.FileNotFoundException: src\main\resources\data\screw\joinType.csv (Не удается найти указанный файл)
	at org.springframework.beans.factory.support.ConstructorResolver.instantiate(ConstructorResolver.java:312)
	at org.springframework.beans.factory.support.ConstructorResolver.autowireConstructor(ConstructorResolver.java:293)
	at org.springframework.beans.factory.support.AbstractAutowireCapableBeanFactory.autowireConstructor(AbstractAutowireCapableBeanFactory.java:1358)
	at org.springframework.beans.factory.support.AbstractAutowireCapableBeanFactory.createBeanInstance(AbstractAutowireCapableBeanFactory.java:1204)
	at org.springframework.beans.factory.support.AbstractAutowireCapableBeanFactory.doCreateBean(AbstractAutowireCapableBeanFactory.java:557)
	at org.springframework.beans.factory.support.AbstractAutowireCapableBeanFactory.createBean(AbstractAutowireCapableBeanFactory.java:517)
	at org.springframework.beans.factory.support.AbstractBeanFactory.lambda$doGetBean$0(AbstractBeanFactory.java:323)
	at org.springframework.beans.factory.support.DefaultSingletonBeanRegistry.getSingleton(DefaultSingletonBeanRegistry.java:222)
	at org.springframework.beans.factory.support.AbstractBeanFactory.doGetBean(AbstractBeanFactory.java:321)
	at org.springframework.beans.factory.support.AbstractBeanFactory.getBean(AbstractBeanFactory.java:202)
	at org.springframework.beans.factory.support.DefaultListableBeanFactory.preInstantiateSingletons(DefaultListableBeanFactory.java:879)
	at org.springframework.context.support.AbstractApplicationContext.finishBeanFactoryInitialization(AbstractApplicationContext.java:878)
	at org.springframework.context.support.AbstractApplicationContext.refresh(AbstractApplicationContext.java:550)
	at org.springframework.boot.SpringApplication.refresh(SpringApplication.java:747)
	at org.springframework.boot.SpringApplication.refreshContext(SpringApplication.java:397)
	at org.springframework.boot.SpringApplication.run(SpringApplication.java:315)
	at org.springframework.boot.builder.SpringApplicationBuilder.run(SpringApplicationBuilder.java:140)
	at strengthDetailsAnalyzer.JavaFxRunner.init(JavaFxRunner.java:22)
	at com.sun.javafx.application.LauncherImpl.launchApplication1(LauncherImpl.java:825)
	at com.sun.javafx.application.LauncherImpl.lambda$launchApplication$2(LauncherImpl.java:196)
	at java.base/java.lang.Thread.run(Thread.java:834)
Caused by: org.springframework.beans.BeanInstantiationException: Failed to instantiate [strengthDetailsAnalyzer.controller.WeldController]: Constructor threw exception; nested exception is java.lang.RuntimeException: java.io.FileNotFoundException: src\main\resources\data\screw\joinType.csv (Не удается найти указанный файл)
	at org.springframework.beans.BeanUtils.instantiateClass(BeanUtils.java:213)
	at org.springframework.beans.factory.support.SimpleInstantiationStrategy.instantiate(SimpleInstantiationStrategy.java:117)
	at org.springframework.beans.factory.support.ConstructorResolver.instantiate(ConstructorResolver.java:308)
	... 20 common frames omitted
Caused by: java.lang.RuntimeException: java.io.FileNotFoundException: src\main\resources\data\screw\joinType.csv (Не удается найти указанный файл)
	at strengthDetailsAnalyzer.utils.DataLoader.loadDataFromCSVFile(DataLoader.java:82)
	at strengthDetailsAnalyzer.utils.DataLoader.getTypeWeldJoints(DataLoader.java:46)
	at strengthDetailsAnalyzer.controller.WeldController.loadData(WeldController.java:217)
	at strengthDetailsAnalyzer.controller.WeldController.<init>(WeldController.java:39)
	at java.base/jdk.internal.reflect.NativeConstructorAccessorImpl.newInstance0(Native Method)
	at java.base/jdk.internal.reflect.NativeConstructorAccessorImpl.newInstance(NativeConstructorAccessorImpl.java:62)
	at java.base/jdk.internal.reflect.DelegatingConstructorAccessorImpl.newInstance(DelegatingConstructorAccessorImpl.java:45)
	at java.base/java.lang.reflect.Constructor.newInstance(Constructor.java:490)
	at org.springframework.beans.BeanUtils.instantiateClass(BeanUtils.java:200)
	... 22 common frames omitted
Caused by: java.io.FileNotFoundException: src\main\resources\data\screw\joinType.csv (Не удается найти указанный файл)
	at java.base/java.io.FileInputStream.open0(Native Method)
	at java.base/java.io.FileInputStream.open(FileInputStream.java:219)
	at java.base/java.io.FileInputStream.<init>(FileInputStream.java:157)
	at java.base/java.util.Scanner.<init>(Scanner.java:639)
	at strengthDetailsAnalyzer.utils.DataLoader.loadDataFromCSVFile(DataLoader.java:55)
	... 30 common frames omitted
2023-02-20 17:05:55,263 ERROR org.springframework.boot.SpringApplication [JavaFX-Launcher] Application run failed
org.springframework.beans.factory.BeanCreationException: Error creating bean with name 'weldController' defined in file [C:\Users\user\Desktop\StrengthDetailsAnalyzer\target\classes\strengthDetailsAnalyzer\controller\WeldController.class]: Bean instantiation via constructor failed; nested exception is org.springframework.beans.BeanInstantiationException: Failed to instantiate [strengthDetailsAnalyzer.controller.WeldController]: Constructor threw exception; nested exception is java.lang.RuntimeException: java.io.FileNotFoundException: src\main\resources\data\weld\joinType.csv (Не удается найти указанный файл)
	at org.springframework.beans.factory.support.ConstructorResolver.instantiate(ConstructorResolver.java:312)
	at org.springframework.beans.factory.support.ConstructorResolver.autowireConstructor(ConstructorResolver.java:293)
	at org.springframework.beans.factory.support.AbstractAutowireCapableBeanFactory.autowireConstructor(AbstractAutowireCapableBeanFactory.java:1358)
	at org.springframework.beans.factory.support.AbstractAutowireCapableBeanFactory.createBeanInstance(AbstractAutowireCapableBeanFactory.java:1204)
	at org.springframework.beans.factory.support.AbstractAutowireCapableBeanFactory.doCreateBean(AbstractAutowireCapableBeanFactory.java:557)
	at org.springframework.beans.factory.support.AbstractAutowireCapableBeanFactory.createBean(AbstractAutowireCapableBeanFactory.java:517)
	at org.springframework.beans.factory.support.AbstractBeanFactory.lambda$doGetBean$0(AbstractBeanFactory.java:323)
	at org.springframework.beans.factory.support.DefaultSingletonBeanRegistry.getSingleton(DefaultSingletonBeanRegistry.java:222)
	at org.springframework.beans.factory.support.AbstractBeanFactory.doGetBean(AbstractBeanFactory.java:321)
	at org.springframework.beans.factory.support.AbstractBeanFactory.getBean(AbstractBeanFactory.java:202)
	at org.springframework.beans.factory.support.DefaultListableBeanFactory.preInstantiateSingletons(DefaultListableBeanFactory.java:879)
	at org.springframework.context.support.AbstractApplicationContext.finishBeanFactoryInitialization(AbstractApplicationContext.java:878)
	at org.springframework.context.support.AbstractApplicationContext.refresh(AbstractApplicationContext.java:550)
	at org.springframework.boot.SpringApplication.refresh(SpringApplication.java:747)
	at org.springframework.boot.SpringApplication.refreshContext(SpringApplication.java:397)
	at org.springframework.boot.SpringApplication.run(SpringApplication.java:315)
	at org.springframework.boot.builder.SpringApplicationBuilder.run(SpringApplicationBuilder.java:140)
	at strengthDetailsAnalyzer.JavaFxRunner.init(JavaFxRunner.java:22)
	at com.sun.javafx.application.LauncherImpl.launchApplication1(LauncherImpl.java:825)
	at com.sun.javafx.application.LauncherImpl.lambda$launchApplication$2(LauncherImpl.java:196)
	at java.base/java.lang.Thread.run(Thread.java:834)
Caused by: org.springframework.beans.BeanInstantiationException: Failed to instantiate [strengthDetailsAnalyzer.controller.WeldController]: Constructor threw exception; nested exception is java.lang.RuntimeException: java.io.FileNotFoundException: src\main\resources\data\weld\joinType.csv (Не удается найти указанный файл)
	at org.springframework.beans.BeanUtils.instantiateClass(BeanUtils.java:213)
	at org.springframework.beans.factory.support.SimpleInstantiationStrategy.instantiate(SimpleInstantiationStrategy.java:117)
	at org.springframework.beans.factory.support.ConstructorResolver.instantiate(ConstructorResolver.java:308)
	... 20 common frames omitted
Caused by: java.lang.RuntimeException: java.io.FileNotFoundException: src\main\resources\data\weld\joinType.csv (Не удается найти указанный файл)
	at strengthDetailsAnalyzer.utils.DataLoader.loadDataFromCSVFile(DataLoader.java:82)
	at strengthDetailsAnalyzer.utils.DataLoader.getTypeWeldJoints(DataLoader.java:46)
	at strengthDetailsAnalyzer.controller.WeldController.loadData(WeldController.java:217)
	at strengthDetailsAnalyzer.controller.WeldController.<init>(WeldController.java:39)
	at java.base/jdk.internal.reflect.NativeConstructorAccessorImpl.newInstance0(Native Method)
	at java.base/jdk.internal.reflect.NativeConstructorAccessorImpl.newInstance(NativeConstructorAccessorImpl.java:62)
	at java.base/jdk.internal.reflect.DelegatingConstructorAccessorImpl.newInstance(DelegatingConstructorAccessorImpl.java:45)
	at java.base/java.lang.reflect.Constructor.newInstance(Constructor.java:490)
	at org.springframework.beans.BeanUtils.instantiateClass(BeanUtils.java:200)
	... 22 common frames omitted
Caused by: java.io.FileNotFoundException: src\main\resources\data\weld\joinType.csv (Не удается найти указанный файл)
	at java.base/java.io.FileInputStream.open0(Native Method)
	at java.base/java.io.FileInputStream.open(FileInputStream.java:219)
	at java.base/java.io.FileInputStream.<init>(FileInputStream.java:157)
	at java.base/java.util.Scanner.<init>(Scanner.java:639)
	at strengthDetailsAnalyzer.utils.DataLoader.loadDataFromCSVFile(DataLoader.java:55)
	... 30 common frames omitted
2023-02-20 17:06:23,750 ERROR org.springframework.boot.SpringApplication [JavaFX-Launcher] Application run failed
org.springframework.beans.factory.BeanCreationException: Error creating bean with name 'weldController' defined in file [C:\Users\user\Desktop\StrengthDetailsAnalyzer\target\classes\strengthDetailsAnalyzer\controller\WeldController.class]: Bean instantiation via constructor failed; nested exception is org.springframework.beans.BeanInstantiationException: Failed to instantiate [strengthDetailsAnalyzer.controller.WeldController]: Constructor threw exception; nested exception is java.lang.NumberFormatException: For input string: "C"
	at org.springframework.beans.factory.support.ConstructorResolver.instantiate(ConstructorResolver.java:312)
	at org.springframework.beans.factory.support.ConstructorResolver.autowireConstructor(ConstructorResolver.java:293)
	at org.springframework.beans.factory.support.AbstractAutowireCapableBeanFactory.autowireConstructor(AbstractAutowireCapableBeanFactory.java:1358)
	at org.springframework.beans.factory.support.AbstractAutowireCapableBeanFactory.createBeanInstance(AbstractAutowireCapableBeanFactory.java:1204)
	at org.springframework.beans.factory.support.AbstractAutowireCapableBeanFactory.doCreateBean(AbstractAutowireCapableBeanFactory.java:557)
	at org.springframework.beans.factory.support.AbstractAutowireCapableBeanFactory.createBean(AbstractAutowireCapableBeanFactory.java:517)
	at org.springframework.beans.factory.support.AbstractBeanFactory.lambda$doGetBean$0(AbstractBeanFactory.java:323)
	at org.springframework.beans.factory.support.DefaultSingletonBeanRegistry.getSingleton(DefaultSingletonBeanRegistry.java:222)
	at org.springframework.beans.factory.support.AbstractBeanFactory.doGetBean(AbstractBeanFactory.java:321)
	at org.springframework.beans.factory.support.AbstractBeanFactory.getBean(AbstractBeanFactory.java:202)
	at org.springframework.beans.factory.support.DefaultListableBeanFactory.preInstantiateSingletons(DefaultListableBeanFactory.java:879)
	at org.springframework.context.support.AbstractApplicationContext.finishBeanFactoryInitialization(AbstractApplicationContext.java:878)
	at org.springframework.context.support.AbstractApplicationContext.refresh(AbstractApplicationContext.java:550)
	at org.springframework.boot.SpringApplication.refresh(SpringApplication.java:747)
	at org.springframework.boot.SpringApplication.refreshContext(SpringApplication.java:397)
	at org.springframework.boot.SpringApplication.run(SpringApplication.java:315)
	at org.springframework.boot.builder.SpringApplicationBuilder.run(SpringApplicationBuilder.java:140)
	at strengthDetailsAnalyzer.JavaFxRunner.init(JavaFxRunner.java:22)
	at com.sun.javafx.application.LauncherImpl.launchApplication1(LauncherImpl.java:825)
	at com.sun.javafx.application.LauncherImpl.lambda$launchApplication$2(LauncherImpl.java:196)
	at java.base/java.lang.Thread.run(Thread.java:834)
Caused by: org.springframework.beans.BeanInstantiationException: Failed to instantiate [strengthDetailsAnalyzer.controller.WeldController]: Constructor threw exception; nested exception is java.lang.NumberFormatException: For input string: "C"
	at org.springframework.beans.BeanUtils.instantiateClass(BeanUtils.java:213)
	at org.springframework.beans.factory.support.SimpleInstantiationStrategy.instantiate(SimpleInstantiationStrategy.java:117)
	at org.springframework.beans.factory.support.ConstructorResolver.instantiate(ConstructorResolver.java:308)
	... 20 common frames omitted
Caused by: java.lang.NumberFormatException: For input string: "C"
	at java.base/java.lang.NumberFormatException.forInputString(NumberFormatException.java:65)
	at java.base/java.lang.Integer.parseInt(Integer.java:652)
	at java.base/java.lang.Integer.valueOf(Integer.java:983)
	at strengthDetailsAnalyzer.utils.DataLoader.parsedWeldTypeJoints(DataLoader.java:90)
	at strengthDetailsAnalyzer.utils.DataLoader.loadDataFromCSVFile(DataLoader.java:74)
	at strengthDetailsAnalyzer.utils.DataLoader.getTypeWeldJoints(DataLoader.java:46)
	at strengthDetailsAnalyzer.controller.WeldController.loadData(WeldController.java:217)
	at strengthDetailsAnalyzer.controller.WeldController.<init>(WeldController.java:39)
	at java.base/jdk.internal.reflect.NativeConstructorAccessorImpl.newInstance0(Native Method)
	at java.base/jdk.internal.reflect.NativeConstructorAccessorImpl.newInstance(NativeConstructorAccessorImpl.java:62)
	at java.base/jdk.internal.reflect.DelegatingConstructorAccessorImpl.newInstance(DelegatingConstructorAccessorImpl.java:45)
	at java.base/java.lang.reflect.Constructor.newInstance(Constructor.java:490)
	at org.springframework.beans.BeanUtils.instantiateClass(BeanUtils.java:200)
	... 22 common frames omitted
2023-02-20 17:08:25,399 ERROR org.springframework.boot.SpringApplication [JavaFX-Launcher] Application run failed
org.springframework.beans.factory.BeanCreationException: Error creating bean with name 'weldController' defined in file [C:\Users\user\Desktop\StrengthDetailsAnalyzer\target\classes\strengthDetailsAnalyzer\controller\WeldController.class]: Bean instantiation via constructor failed; nested exception is org.springframework.beans.BeanInstantiationException: Failed to instantiate [strengthDetailsAnalyzer.controller.WeldController]: Constructor threw exception; nested exception is java.lang.IllegalStateException: Unexpected value: src/main/resources/data/weld/jointType.csv
	at org.springframework.beans.factory.support.ConstructorResolver.instantiate(ConstructorResolver.java:312)
	at org.springframework.beans.factory.support.ConstructorResolver.autowireConstructor(ConstructorResolver.java:293)
	at org.springframework.beans.factory.support.AbstractAutowireCapableBeanFactory.autowireConstructor(AbstractAutowireCapableBeanFactory.java:1358)
	at org.springframework.beans.factory.support.AbstractAutowireCapableBeanFactory.createBeanInstance(AbstractAutowireCapableBeanFactory.java:1204)
	at org.springframework.beans.factory.support.AbstractAutowireCapableBeanFactory.doCreateBean(AbstractAutowireCapableBeanFactory.java:557)
	at org.springframework.beans.factory.support.AbstractAutowireCapableBeanFactory.createBean(AbstractAutowireCapableBeanFactory.java:517)
	at org.springframework.beans.factory.support.AbstractBeanFactory.lambda$doGetBean$0(AbstractBeanFactory.java:323)
	at org.springframework.beans.factory.support.DefaultSingletonBeanRegistry.getSingleton(DefaultSingletonBeanRegistry.java:222)
	at org.springframework.beans.factory.support.AbstractBeanFactory.doGetBean(AbstractBeanFactory.java:321)
	at org.springframework.beans.factory.support.AbstractBeanFactory.getBean(AbstractBeanFactory.java:202)
	at org.springframework.beans.factory.support.DefaultListableBeanFactory.preInstantiateSingletons(DefaultListableBeanFactory.java:879)
	at org.springframework.context.support.AbstractApplicationContext.finishBeanFactoryInitialization(AbstractApplicationContext.java:878)
	at org.springframework.context.support.AbstractApplicationContext.refresh(AbstractApplicationContext.java:550)
	at org.springframework.boot.SpringApplication.refresh(SpringApplication.java:747)
	at org.springframework.boot.SpringApplication.refreshContext(SpringApplication.java:397)
	at org.springframework.boot.SpringApplication.run(SpringApplication.java:315)
	at org.springframework.boot.builder.SpringApplicationBuilder.run(SpringApplicationBuilder.java:140)
	at strengthDetailsAnalyzer.JavaFxRunner.init(JavaFxRunner.java:22)
	at com.sun.javafx.application.LauncherImpl.launchApplication1(LauncherImpl.java:825)
	at com.sun.javafx.application.LauncherImpl.lambda$launchApplication$2(LauncherImpl.java:196)
	at java.base/java.lang.Thread.run(Thread.java:834)
Caused by: org.springframework.beans.BeanInstantiationException: Failed to instantiate [strengthDetailsAnalyzer.controller.WeldController]: Constructor threw exception; nested exception is java.lang.IllegalStateException: Unexpected value: src/main/resources/data/weld/jointType.csv
	at org.springframework.beans.BeanUtils.instantiateClass(BeanUtils.java:213)
	at org.springframework.beans.factory.support.SimpleInstantiationStrategy.instantiate(SimpleInstantiationStrategy.java:117)
	at org.springframework.beans.factory.support.ConstructorResolver.instantiate(ConstructorResolver.java:308)
	... 20 common frames omitted
Caused by: java.lang.IllegalStateException: Unexpected value: src/main/resources/data/weld/jointType.csv
	at strengthDetailsAnalyzer.utils.DataLoader.loadDataFromCSVFile(DataLoader.java:78)
	at strengthDetailsAnalyzer.utils.DataLoader.getTypeWeldJoints(DataLoader.java:46)
	at strengthDetailsAnalyzer.controller.WeldController.loadData(WeldController.java:217)
	at strengthDetailsAnalyzer.controller.WeldController.<init>(WeldController.java:39)
	at java.base/jdk.internal.reflect.NativeConstructorAccessorImpl.newInstance0(Native Method)
	at java.base/jdk.internal.reflect.NativeConstructorAccessorImpl.newInstance(NativeConstructorAccessorImpl.java:62)
	at java.base/jdk.internal.reflect.DelegatingConstructorAccessorImpl.newInstance(DelegatingConstructorAccessorImpl.java:45)
	at java.base/java.lang.reflect.Constructor.newInstance(Constructor.java:490)
	at org.springframework.beans.BeanUtils.instantiateClass(BeanUtils.java:200)
	... 22 common frames omitted
2023-02-20 17:11:03,668 ERROR org.springframework.boot.SpringApplication [JavaFX-Launcher] Application run failed
org.springframework.beans.factory.BeanCreationException: Error creating bean with name 'weldController' defined in file [C:\Users\user\Desktop\StrengthDetailsAnalyzer\target\classes\strengthDetailsAnalyzer\controller\WeldController.class]: Bean instantiation via constructor failed; nested exception is org.springframework.beans.BeanInstantiationException: Failed to instantiate [strengthDetailsAnalyzer.controller.WeldController]: Constructor threw exception; nested exception is java.lang.IllegalStateException: Unexpected value: src/main/resources/data/weld/jointType.csv
	at org.springframework.beans.factory.support.ConstructorResolver.instantiate(ConstructorResolver.java:312)
	at org.springframework.beans.factory.support.ConstructorResolver.autowireConstructor(ConstructorResolver.java:293)
	at org.springframework.beans.factory.support.AbstractAutowireCapableBeanFactory.autowireConstructor(AbstractAutowireCapableBeanFactory.java:1358)
	at org.springframework.beans.factory.support.AbstractAutowireCapableBeanFactory.createBeanInstance(AbstractAutowireCapableBeanFactory.java:1204)
	at org.springframework.beans.factory.support.AbstractAutowireCapableBeanFactory.doCreateBean(AbstractAutowireCapableBeanFactory.java:557)
	at org.springframework.beans.factory.support.AbstractAutowireCapableBeanFactory.createBean(AbstractAutowireCapableBeanFactory.java:517)
	at org.springframework.beans.factory.support.AbstractBeanFactory.lambda$doGetBean$0(AbstractBeanFactory.java:323)
	at org.springframework.beans.factory.support.DefaultSingletonBeanRegistry.getSingleton(DefaultSingletonBeanRegistry.java:222)
	at org.springframework.beans.factory.support.AbstractBeanFactory.doGetBean(AbstractBeanFactory.java:321)
	at org.springframework.beans.factory.support.AbstractBeanFactory.getBean(AbstractBeanFactory.java:202)
	at org.springframework.beans.factory.support.DefaultListableBeanFactory.preInstantiateSingletons(DefaultListableBeanFactory.java:879)
	at org.springframework.context.support.AbstractApplicationContext.finishBeanFactoryInitialization(AbstractApplicationContext.java:878)
	at org.springframework.context.support.AbstractApplicationContext.refresh(AbstractApplicationContext.java:550)
	at org.springframework.boot.SpringApplication.refresh(SpringApplication.java:747)
	at org.springframework.boot.SpringApplication.refreshContext(SpringApplication.java:397)
	at org.springframework.boot.SpringApplication.run(SpringApplication.java:315)
	at org.springframework.boot.builder.SpringApplicationBuilder.run(SpringApplicationBuilder.java:140)
	at strengthDetailsAnalyzer.JavaFxRunner.init(JavaFxRunner.java:22)
	at com.sun.javafx.application.LauncherImpl.launchApplication1(LauncherImpl.java:825)
	at com.sun.javafx.application.LauncherImpl.lambda$launchApplication$2(LauncherImpl.java:196)
	at java.base/java.lang.Thread.run(Thread.java:834)
Caused by: org.springframework.beans.BeanInstantiationException: Failed to instantiate [strengthDetailsAnalyzer.controller.WeldController]: Constructor threw exception; nested exception is java.lang.IllegalStateException: Unexpected value: src/main/resources/data/weld/jointType.csv
	at org.springframework.beans.BeanUtils.instantiateClass(BeanUtils.java:213)
	at org.springframework.beans.factory.support.SimpleInstantiationStrategy.instantiate(SimpleInstantiationStrategy.java:117)
	at org.springframework.beans.factory.support.ConstructorResolver.instantiate(ConstructorResolver.java:308)
	... 20 common frames omitted
Caused by: java.lang.IllegalStateException: Unexpected value: src/main/resources/data/weld/jointType.csv
	at strengthDetailsAnalyzer.utils.DataLoader.loadDataFromCSVFile(DataLoader.java:78)
	at strengthDetailsAnalyzer.utils.DataLoader.getTypeWeldJoints(DataLoader.java:46)
	at strengthDetailsAnalyzer.controller.WeldController.loadData(WeldController.java:217)
	at strengthDetailsAnalyzer.controller.WeldController.<init>(WeldController.java:39)
	at java.base/jdk.internal.reflect.NativeConstructorAccessorImpl.newInstance0(Native Method)
	at java.base/jdk.internal.reflect.NativeConstructorAccessorImpl.newInstance(NativeConstructorAccessorImpl.java:62)
	at java.base/jdk.internal.reflect.DelegatingConstructorAccessorImpl.newInstance(DelegatingConstructorAccessorImpl.java:45)
	at java.base/java.lang.reflect.Constructor.newInstance(Constructor.java:490)
	at org.springframework.beans.BeanUtils.instantiateClass(BeanUtils.java:200)
	... 22 common frames omitted
2023-02-20 17:12:23,603 ERROR org.springframework.boot.SpringApplication [JavaFX-Launcher] Application run failed
org.springframework.beans.factory.BeanCreationException: Error creating bean with name 'weldController' defined in file [C:\Users\user\Desktop\StrengthDetailsAnalyzer\target\classes\strengthDetailsAnalyzer\controller\WeldController.class]: Bean instantiation via constructor failed; nested exception is org.springframework.beans.BeanInstantiationException: Failed to instantiate [strengthDetailsAnalyzer.controller.WeldController]: Constructor threw exception; nested exception is java.lang.IllegalStateException: Unexpected value: src/main/resources/data/weld/jointType.csv
	at org.springframework.beans.factory.support.ConstructorResolver.instantiate(ConstructorResolver.java:312)
	at org.springframework.beans.factory.support.ConstructorResolver.autowireConstructor(ConstructorResolver.java:293)
	at org.springframework.beans.factory.support.AbstractAutowireCapableBeanFactory.autowireConstructor(AbstractAutowireCapableBeanFactory.java:1358)
	at org.springframework.beans.factory.support.AbstractAutowireCapableBeanFactory.createBeanInstance(AbstractAutowireCapableBeanFactory.java:1204)
	at org.springframework.beans.factory.support.AbstractAutowireCapableBeanFactory.doCreateBean(AbstractAutowireCapableBeanFactory.java:557)
	at org.springframework.beans.factory.support.AbstractAutowireCapableBeanFactory.createBean(AbstractAutowireCapableBeanFactory.java:517)
	at org.springframework.beans.factory.support.AbstractBeanFactory.lambda$doGetBean$0(AbstractBeanFactory.java:323)
	at org.springframework.beans.factory.support.DefaultSingletonBeanRegistry.getSingleton(DefaultSingletonBeanRegistry.java:222)
	at org.springframework.beans.factory.support.AbstractBeanFactory.doGetBean(AbstractBeanFactory.java:321)
	at org.springframework.beans.factory.support.AbstractBeanFactory.getBean(AbstractBeanFactory.java:202)
	at org.springframework.beans.factory.support.DefaultListableBeanFactory.preInstantiateSingletons(DefaultListableBeanFactory.java:879)
	at org.springframework.context.support.AbstractApplicationContext.finishBeanFactoryInitialization(AbstractApplicationContext.java:878)
	at org.springframework.context.support.AbstractApplicationContext.refresh(AbstractApplicationContext.java:550)
	at org.springframework.boot.SpringApplication.refresh(SpringApplication.java:747)
	at org.springframework.boot.SpringApplication.refreshContext(SpringApplication.java:397)
	at org.springframework.boot.SpringApplication.run(SpringApplication.java:315)
	at org.springframework.boot.builder.SpringApplicationBuilder.run(SpringApplicationBuilder.java:140)
	at strengthDetailsAnalyzer.JavaFxRunner.init(JavaFxRunner.java:22)
	at com.sun.javafx.application.LauncherImpl.launchApplication1(LauncherImpl.java:825)
	at com.sun.javafx.application.LauncherImpl.lambda$launchApplication$2(LauncherImpl.java:196)
	at java.base/java.lang.Thread.run(Thread.java:834)
Caused by: org.springframework.beans.BeanInstantiationException: Failed to instantiate [strengthDetailsAnalyzer.controller.WeldController]: Constructor threw exception; nested exception is java.lang.IllegalStateException: Unexpected value: src/main/resources/data/weld/jointType.csv
	at org.springframework.beans.BeanUtils.instantiateClass(BeanUtils.java:213)
	at org.springframework.beans.factory.support.SimpleInstantiationStrategy.instantiate(SimpleInstantiationStrategy.java:117)
	at org.springframework.beans.factory.support.ConstructorResolver.instantiate(ConstructorResolver.java:308)
	... 20 common frames omitted
Caused by: java.lang.IllegalStateException: Unexpected value: src/main/resources/data/weld/jointType.csv
	at strengthDetailsAnalyzer.utils.DataLoader.loadDataFromCSVFile(DataLoader.java:78)
	at strengthDetailsAnalyzer.utils.DataLoader.getTypeWeldJoints(DataLoader.java:46)
	at strengthDetailsAnalyzer.controller.WeldController.loadData(WeldController.java:217)
	at strengthDetailsAnalyzer.controller.WeldController.<init>(WeldController.java:39)
	at java.base/jdk.internal.reflect.NativeConstructorAccessorImpl.newInstance0(Native Method)
	at java.base/jdk.internal.reflect.NativeConstructorAccessorImpl.newInstance(NativeConstructorAccessorImpl.java:62)
	at java.base/jdk.internal.reflect.DelegatingConstructorAccessorImpl.newInstance(DelegatingConstructorAccessorImpl.java:45)
	at java.base/java.lang.reflect.Constructor.newInstance(Constructor.java:490)
	at org.springframework.beans.BeanUtils.instantiateClass(BeanUtils.java:200)
	... 22 common frames omitted
2023-02-20 17:12:36,154 ERROR org.springframework.boot.SpringApplication [JavaFX-Launcher] Application run failed
org.springframework.beans.factory.BeanCreationException: Error creating bean with name 'weldController' defined in file [C:\Users\user\Desktop\StrengthDetailsAnalyzer\target\classes\strengthDetailsAnalyzer\controller\WeldController.class]: Bean instantiation via constructor failed; nested exception is org.springframework.beans.BeanInstantiationException: Failed to instantiate [strengthDetailsAnalyzer.controller.WeldController]: Constructor threw exception; nested exception is java.lang.IllegalStateException: Unexpected value: src/main/resources/data/weld/jointType.csv
	at org.springframework.beans.factory.support.ConstructorResolver.instantiate(ConstructorResolver.java:312)
	at org.springframework.beans.factory.support.ConstructorResolver.autowireConstructor(ConstructorResolver.java:293)
	at org.springframework.beans.factory.support.AbstractAutowireCapableBeanFactory.autowireConstructor(AbstractAutowireCapableBeanFactory.java:1358)
	at org.springframework.beans.factory.support.AbstractAutowireCapableBeanFactory.createBeanInstance(AbstractAutowireCapableBeanFactory.java:1204)
	at org.springframework.beans.factory.support.AbstractAutowireCapableBeanFactory.doCreateBean(AbstractAutowireCapableBeanFactory.java:557)
	at org.springframework.beans.factory.support.AbstractAutowireCapableBeanFactory.createBean(AbstractAutowireCapableBeanFactory.java:517)
	at org.springframework.beans.factory.support.AbstractBeanFactory.lambda$doGetBean$0(AbstractBeanFactory.java:323)
	at org.springframework.beans.factory.support.DefaultSingletonBeanRegistry.getSingleton(DefaultSingletonBeanRegistry.java:222)
	at org.springframework.beans.factory.support.AbstractBeanFactory.doGetBean(AbstractBeanFactory.java:321)
	at org.springframework.beans.factory.support.AbstractBeanFactory.getBean(AbstractBeanFactory.java:202)
	at org.springframework.beans.factory.support.DefaultListableBeanFactory.preInstantiateSingletons(DefaultListableBeanFactory.java:879)
	at org.springframework.context.support.AbstractApplicationContext.finishBeanFactoryInitialization(AbstractApplicationContext.java:878)
	at org.springframework.context.support.AbstractApplicationContext.refresh(AbstractApplicationContext.java:550)
	at org.springframework.boot.SpringApplication.refresh(SpringApplication.java:747)
	at org.springframework.boot.SpringApplication.refreshContext(SpringApplication.java:397)
	at org.springframework.boot.SpringApplication.run(SpringApplication.java:315)
	at org.springframework.boot.builder.SpringApplicationBuilder.run(SpringApplicationBuilder.java:140)
	at strengthDetailsAnalyzer.JavaFxRunner.init(JavaFxRunner.java:22)
	at com.sun.javafx.application.LauncherImpl.launchApplication1(LauncherImpl.java:825)
	at com.sun.javafx.application.LauncherImpl.lambda$launchApplication$2(LauncherImpl.java:196)
	at java.base/java.lang.Thread.run(Thread.java:834)
Caused by: org.springframework.beans.BeanInstantiationException: Failed to instantiate [strengthDetailsAnalyzer.controller.WeldController]: Constructor threw exception; nested exception is java.lang.IllegalStateException: Unexpected value: src/main/resources/data/weld/jointType.csv
	at org.springframework.beans.BeanUtils.instantiateClass(BeanUtils.java:213)
	at org.springframework.beans.factory.support.SimpleInstantiationStrategy.instantiate(SimpleInstantiationStrategy.java:117)
	at org.springframework.beans.factory.support.ConstructorResolver.instantiate(ConstructorResolver.java:308)
	... 20 common frames omitted
Caused by: java.lang.IllegalStateException: Unexpected value: src/main/resources/data/weld/jointType.csv
	at strengthDetailsAnalyzer.utils.DataLoader.loadDataFromCSVFile(DataLoader.java:78)
	at strengthDetailsAnalyzer.utils.DataLoader.getTypeWeldJoints(DataLoader.java:46)
	at strengthDetailsAnalyzer.controller.WeldController.loadData(WeldController.java:217)
	at strengthDetailsAnalyzer.controller.WeldController.<init>(WeldController.java:39)
	at java.base/jdk.internal.reflect.NativeConstructorAccessorImpl.newInstance0(Native Method)
	at java.base/jdk.internal.reflect.NativeConstructorAccessorImpl.newInstance(NativeConstructorAccessorImpl.java:62)
	at java.base/jdk.internal.reflect.DelegatingConstructorAccessorImpl.newInstance(DelegatingConstructorAccessorImpl.java:45)
	at java.base/java.lang.reflect.Constructor.newInstance(Constructor.java:490)
	at org.springframework.beans.BeanUtils.instantiateClass(BeanUtils.java:200)
	... 22 common frames omitted
2023-02-20 17:14:04,890 ERROR org.springframework.boot.SpringApplication [JavaFX-Launcher] Application run failed
org.springframework.beans.factory.BeanCreationException: Error creating bean with name 'weldController' defined in file [C:\Users\user\Desktop\StrengthDetailsAnalyzer\target\classes\strengthDetailsAnalyzer\controller\WeldController.class]: Bean instantiation via constructor failed; nested exception is org.springframework.beans.BeanInstantiationException: Failed to instantiate [strengthDetailsAnalyzer.controller.WeldController]: Constructor threw exception; nested exception is java.lang.IllegalStateException: Unexpected value: src/main/resources/data/weld/jointType.csv
	at org.springframework.beans.factory.support.ConstructorResolver.instantiate(ConstructorResolver.java:312)
	at org.springframework.beans.factory.support.ConstructorResolver.autowireConstructor(ConstructorResolver.java:293)
	at org.springframework.beans.factory.support.AbstractAutowireCapableBeanFactory.autowireConstructor(AbstractAutowireCapableBeanFactory.java:1358)
	at org.springframework.beans.factory.support.AbstractAutowireCapableBeanFactory.createBeanInstance(AbstractAutowireCapableBeanFactory.java:1204)
	at org.springframework.beans.factory.support.AbstractAutowireCapableBeanFactory.doCreateBean(AbstractAutowireCapableBeanFactory.java:557)
	at org.springframework.beans.factory.support.AbstractAutowireCapableBeanFactory.createBean(AbstractAutowireCapableBeanFactory.java:517)
	at org.springframework.beans.factory.support.AbstractBeanFactory.lambda$doGetBean$0(AbstractBeanFactory.java:323)
	at org.springframework.beans.factory.support.DefaultSingletonBeanRegistry.getSingleton(DefaultSingletonBeanRegistry.java:222)
	at org.springframework.beans.factory.support.AbstractBeanFactory.doGetBean(AbstractBeanFactory.java:321)
	at org.springframework.beans.factory.support.AbstractBeanFactory.getBean(AbstractBeanFactory.java:202)
	at org.springframework.beans.factory.support.DefaultListableBeanFactory.preInstantiateSingletons(DefaultListableBeanFactory.java:879)
	at org.springframework.context.support.AbstractApplicationContext.finishBeanFactoryInitialization(AbstractApplicationContext.java:878)
	at org.springframework.context.support.AbstractApplicationContext.refresh(AbstractApplicationContext.java:550)
	at org.springframework.boot.SpringApplication.refresh(SpringApplication.java:747)
	at org.springframework.boot.SpringApplication.refreshContext(SpringApplication.java:397)
	at org.springframework.boot.SpringApplication.run(SpringApplication.java:315)
	at org.springframework.boot.builder.SpringApplicationBuilder.run(SpringApplicationBuilder.java:140)
	at strengthDetailsAnalyzer.JavaFxRunner.init(JavaFxRunner.java:22)
	at com.sun.javafx.application.LauncherImpl.launchApplication1(LauncherImpl.java:825)
	at com.sun.javafx.application.LauncherImpl.lambda$launchApplication$2(LauncherImpl.java:196)
	at java.base/java.lang.Thread.run(Thread.java:834)
Caused by: org.springframework.beans.BeanInstantiationException: Failed to instantiate [strengthDetailsAnalyzer.controller.WeldController]: Constructor threw exception; nested exception is java.lang.IllegalStateException: Unexpected value: src/main/resources/data/weld/jointType.csv
	at org.springframework.beans.BeanUtils.instantiateClass(BeanUtils.java:213)
	at org.springframework.beans.factory.support.SimpleInstantiationStrategy.instantiate(SimpleInstantiationStrategy.java:117)
	at org.springframework.beans.factory.support.ConstructorResolver.instantiate(ConstructorResolver.java:308)
	... 20 common frames omitted
Caused by: java.lang.IllegalStateException: Unexpected value: src/main/resources/data/weld/jointType.csv
	at strengthDetailsAnalyzer.utils.DataLoader.loadDataFromCSVFile(DataLoader.java:78)
	at strengthDetailsAnalyzer.utils.DataLoader.getTypeWeldJoints(DataLoader.java:46)
	at strengthDetailsAnalyzer.controller.WeldController.loadData(WeldController.java:217)
	at strengthDetailsAnalyzer.controller.WeldController.<init>(WeldController.java:39)
	at java.base/jdk.internal.reflect.NativeConstructorAccessorImpl.newInstance0(Native Method)
	at java.base/jdk.internal.reflect.NativeConstructorAccessorImpl.newInstance(NativeConstructorAccessorImpl.java:62)
	at java.base/jdk.internal.reflect.DelegatingConstructorAccessorImpl.newInstance(DelegatingConstructorAccessorImpl.java:45)
	at java.base/java.lang.reflect.Constructor.newInstance(Constructor.java:490)
	at org.springframework.beans.BeanUtils.instantiateClass(BeanUtils.java:200)
	... 22 common frames omitted
